{"D:\\dev1\\prince\\andela-dev\\MyBrand-PRINCE-BE\\config\\cloudinary.js": {"path":"D:\\dev1\\prince\\andela-dev\\MyBrand-PRINCE-BE\\config\\cloudinary.js","statementMap":{"0":{"start":{"line":2,"column":22},"end":{"line":4,"column":1}},"1":{"start":{"line":3,"column":4},"end":{"line":3,"column":62}},"2":{"start":{"line":5,"column":0},"end":{"line":5,"column":62}},"3":{"start":{"line":6,"column":21},"end":{"line":6,"column":42}},"4":{"start":{"line":7,"column":17},"end":{"line":7,"column":51}},"5":{"start":{"line":8,"column":0},"end":{"line":8,"column":26}},"6":{"start":{"line":9,"column":0},"end":{"line":13,"column":3}},"7":{"start":{"line":14,"column":0},"end":{"line":14,"column":34}}},"fnMap":{"0":{"name":"(anonymous_0)","decl":{"start":{"line":2,"column":56},"end":{"line":2,"column":57}},"loc":{"start":{"line":2,"column":71},"end":{"line":4,"column":1}},"line":2}},"branchMap":{"0":{"loc":{"start":{"line":2,"column":22},"end":{"line":4,"column":1}},"type":"binary-expr","locations":[{"start":{"line":2,"column":23},"end":{"line":2,"column":27}},{"start":{"line":2,"column":31},"end":{"line":2,"column":51}},{"start":{"line":2,"column":56},"end":{"line":4,"column":1}}],"line":2},"1":{"loc":{"start":{"line":3,"column":11},"end":{"line":3,"column":61}},"type":"cond-expr","locations":[{"start":{"line":3,"column":37},"end":{"line":3,"column":40}},{"start":{"line":3,"column":43},"end":{"line":3,"column":61}}],"line":3},"2":{"loc":{"start":{"line":3,"column":12},"end":{"line":3,"column":33}},"type":"binary-expr","locations":[{"start":{"line":3,"column":12},"end":{"line":3,"column":15}},{"start":{"line":3,"column":19},"end":{"line":3,"column":33}}],"line":3}},"s":{"0":1,"1":1,"2":1,"3":1,"4":1,"5":1,"6":1,"7":1},"f":{"0":1},"b":{"0":[1,1,1],"1":[0,1],"2":[1,1]},"inputSourceMap":null,"_coverageSchema":"1a1c01bbd47fc00a2c39e90264f33305004495a9","hash":"8be0002548c8fca1397248e98cfdf737096e30a8"}
,"D:\\dev1\\prince\\andela-dev\\MyBrand-PRINCE-BE\\config\\multer.js": {"path":"D:\\dev1\\prince\\andela-dev\\MyBrand-PRINCE-BE\\config\\multer.js","statementMap":{"0":{"start":{"line":2,"column":22},"end":{"line":4,"column":1}},"1":{"start":{"line":3,"column":4},"end":{"line":3,"column":62}},"2":{"start":{"line":5,"column":0},"end":{"line":5,"column":62}},"3":{"start":{"line":6,"column":0},"end":{"line":6,"column":24}},"4":{"start":{"line":7,"column":17},"end":{"line":7,"column":51}},"5":{"start":{"line":8,"column":15},"end":{"line":8,"column":47}},"6":{"start":{"line":10,"column":16},"end":{"line":17,"column":2}},"7":{"start":{"line":12,"column":8},"end":{"line":12,"column":30}},"8":{"start":{"line":15,"column":8},"end":{"line":15,"column":96}},"9":{"start":{"line":18,"column":19},"end":{"line":25,"column":1}},"10":{"start":{"line":19,"column":14},"end":{"line":19,"column":55}},"11":{"start":{"line":20,"column":4},"end":{"line":23,"column":5}},"12":{"start":{"line":21,"column":8},"end":{"line":21,"column":52}},"13":{"start":{"line":22,"column":8},"end":{"line":22,"column":15}},"14":{"start":{"line":24,"column":4},"end":{"line":24,"column":19}},"15":{"start":{"line":26,"column":21},"end":{"line":26,"column":88}},"16":{"start":{"line":27,"column":15},"end":{"line":27,"column":33}},"17":{"start":{"line":28,"column":0},"end":{"line":28,"column":24}}},"fnMap":{"0":{"name":"(anonymous_0)","decl":{"start":{"line":2,"column":56},"end":{"line":2,"column":57}},"loc":{"start":{"line":2,"column":71},"end":{"line":4,"column":1}},"line":2},"1":{"name":"(anonymous_1)","decl":{"start":{"line":11,"column":17},"end":{"line":11,"column":18}},"loc":{"start":{"line":11,"column":42},"end":{"line":13,"column":5}},"line":11},"2":{"name":"(anonymous_2)","decl":{"start":{"line":14,"column":14},"end":{"line":14,"column":15}},"loc":{"start":{"line":14,"column":39},"end":{"line":16,"column":5}},"line":14},"3":{"name":"(anonymous_3)","decl":{"start":{"line":18,"column":19},"end":{"line":18,"column":20}},"loc":{"start":{"line":18,"column":38},"end":{"line":25,"column":1}},"line":18}},"branchMap":{"0":{"loc":{"start":{"line":2,"column":22},"end":{"line":4,"column":1}},"type":"binary-expr","locations":[{"start":{"line":2,"column":23},"end":{"line":2,"column":27}},{"start":{"line":2,"column":31},"end":{"line":2,"column":51}},{"start":{"line":2,"column":56},"end":{"line":4,"column":1}}],"line":2},"1":{"loc":{"start":{"line":3,"column":11},"end":{"line":3,"column":61}},"type":"cond-expr","locations":[{"start":{"line":3,"column":37},"end":{"line":3,"column":40}},{"start":{"line":3,"column":43},"end":{"line":3,"column":61}}],"line":3},"2":{"loc":{"start":{"line":3,"column":12},"end":{"line":3,"column":33}},"type":"binary-expr","locations":[{"start":{"line":3,"column":12},"end":{"line":3,"column":15}},{"start":{"line":3,"column":19},"end":{"line":3,"column":33}}],"line":3},"3":{"loc":{"start":{"line":20,"column":4},"end":{"line":23,"column":5}},"type":"if","locations":[{"start":{"line":20,"column":4},"end":{"line":23,"column":5}},{"start":{},"end":{}}],"line":20},"4":{"loc":{"start":{"line":20,"column":8},"end":{"line":20,"column":59}},"type":"binary-expr","locations":[{"start":{"line":20,"column":8},"end":{"line":20,"column":22}},{"start":{"line":20,"column":26},"end":{"line":20,"column":41}},{"start":{"line":20,"column":45},"end":{"line":20,"column":59}}],"line":20}},"s":{"0":1,"1":2,"2":1,"3":1,"4":1,"5":1,"6":1,"7":0,"8":0,"9":1,"10":0,"11":0,"12":0,"13":0,"14":0,"15":1,"16":1,"17":1},"f":{"0":2,"1":0,"2":0,"3":0},"b":{"0":[1,1,1],"1":[0,2],"2":[2,2],"3":[0,0],"4":[0,0,0]},"inputSourceMap":null,"_coverageSchema":"1a1c01bbd47fc00a2c39e90264f33305004495a9","hash":"9658853f01ad2e42f5e5610a0de93ba410e10185"}
,"D:\\dev1\\prince\\andela-dev\\MyBrand-PRINCE-BE\\controllers\\Auth.controller.js": {"path":"D:\\dev1\\prince\\andela-dev\\MyBrand-PRINCE-BE\\controllers\\Auth.controller.js","statementMap":{"0":{"start":{"line":2,"column":16},"end":{"line":10,"column":1}},"1":{"start":{"line":3,"column":28},"end":{"line":3,"column":110}},"2":{"start":{"line":3,"column":91},"end":{"line":3,"column":106}},"3":{"start":{"line":4,"column":4},"end":{"line":9,"column":7}},"4":{"start":{"line":5,"column":36},"end":{"line":5,"column":97}},"5":{"start":{"line":5,"column":42},"end":{"line":5,"column":70}},"6":{"start":{"line":5,"column":85},"end":{"line":5,"column":95}},"7":{"start":{"line":6,"column":35},"end":{"line":6,"column":100}},"8":{"start":{"line":6,"column":41},"end":{"line":6,"column":73}},"9":{"start":{"line":6,"column":88},"end":{"line":6,"column":98}},"10":{"start":{"line":7,"column":32},"end":{"line":7,"column":116}},"11":{"start":{"line":8,"column":8},"end":{"line":8,"column":78}},"12":{"start":{"line":11,"column":22},"end":{"line":13,"column":1}},"13":{"start":{"line":12,"column":4},"end":{"line":12,"column":62}},"14":{"start":{"line":14,"column":0},"end":{"line":14,"column":62}},"15":{"start":{"line":15,"column":0},"end":{"line":15,"column":40}},"16":{"start":{"line":16,"column":17},"end":{"line":16,"column":51}},"17":{"start":{"line":17,"column":24},"end":{"line":17,"column":57}},"18":{"start":{"line":18,"column":15},"end":{"line":18,"column":56}},"19":{"start":{"line":19,"column":15},"end":{"line":40,"column":2}},"20":{"start":{"line":19,"column":29},"end":{"line":40,"column":2}},"21":{"start":{"line":20,"column":53},"end":{"line":20,"column":61}},"22":{"start":{"line":21,"column":4},"end":{"line":39,"column":5}},"23":{"start":{"line":22,"column":28},"end":{"line":22,"column":74}},"24":{"start":{"line":23,"column":23},"end":{"line":23,"column":29}},"25":{"start":{"line":24,"column":8},"end":{"line":26,"column":9}},"26":{"start":{"line":25,"column":12},"end":{"line":25,"column":31}},"27":{"start":{"line":27,"column":21},"end":{"line":33,"column":10}},"28":{"start":{"line":34,"column":22},"end":{"line":34,"column":64}},"29":{"start":{"line":35,"column":8},"end":{"line":35,"column":52}},"30":{"start":{"line":38,"column":8},"end":{"line":38,"column":55}},"31":{"start":{"line":41,"column":0},"end":{"line":41,"column":24}},"32":{"start":{"line":42,"column":14},"end":{"line":55,"column":2}},"33":{"start":{"line":42,"column":34},"end":{"line":55,"column":2}},"34":{"start":{"line":43,"column":4},"end":{"line":54,"column":5}},"35":{"start":{"line":44,"column":21},"end":{"line":44,"column":76}},"36":{"start":{"line":45,"column":8},"end":{"line":47,"column":9}},"37":{"start":{"line":46,"column":12},"end":{"line":46,"column":80}},"38":{"start":{"line":48,"column":22},"end":{"line":48,"column":64}},"39":{"start":{"line":49,"column":8},"end":{"line":49,"column":34}},"40":{"start":{"line":50,"column":8},"end":{"line":50,"column":52}},"41":{"start":{"line":53,"column":8},"end":{"line":53,"column":55}},"42":{"start":{"line":56,"column":0},"end":{"line":56,"column":22}}},"fnMap":{"0":{"name":"(anonymous_0)","decl":{"start":{"line":2,"column":44},"end":{"line":2,"column":45}},"loc":{"start":{"line":2,"column":89},"end":{"line":10,"column":1}},"line":2},"1":{"name":"adopt","decl":{"start":{"line":3,"column":13},"end":{"line":3,"column":18}},"loc":{"start":{"line":3,"column":26},"end":{"line":3,"column":112}},"line":3},"2":{"name":"(anonymous_2)","decl":{"start":{"line":3,"column":70},"end":{"line":3,"column":71}},"loc":{"start":{"line":3,"column":89},"end":{"line":3,"column":108}},"line":3},"3":{"name":"(anonymous_3)","decl":{"start":{"line":4,"column":36},"end":{"line":4,"column":37}},"loc":{"start":{"line":4,"column":63},"end":{"line":9,"column":5}},"line":4},"4":{"name":"fulfilled","decl":{"start":{"line":5,"column":17},"end":{"line":5,"column":26}},"loc":{"start":{"line":5,"column":34},"end":{"line":5,"column":99}},"line":5},"5":{"name":"rejected","decl":{"start":{"line":6,"column":17},"end":{"line":6,"column":25}},"loc":{"start":{"line":6,"column":33},"end":{"line":6,"column":102}},"line":6},"6":{"name":"step","decl":{"start":{"line":7,"column":17},"end":{"line":7,"column":21}},"loc":{"start":{"line":7,"column":30},"end":{"line":7,"column":118}},"line":7},"7":{"name":"(anonymous_7)","decl":{"start":{"line":11,"column":56},"end":{"line":11,"column":57}},"loc":{"start":{"line":11,"column":71},"end":{"line":13,"column":1}},"line":11},"8":{"name":"(anonymous_8)","decl":{"start":{"line":19,"column":15},"end":{"line":19,"column":16}},"loc":{"start":{"line":19,"column":29},"end":{"line":40,"column":2}},"line":19},"9":{"name":"(anonymous_9)","decl":{"start":{"line":19,"column":63},"end":{"line":19,"column":64}},"loc":{"start":{"line":19,"column":76},"end":{"line":40,"column":1}},"line":19},"10":{"name":"(anonymous_10)","decl":{"start":{"line":42,"column":14},"end":{"line":42,"column":15}},"loc":{"start":{"line":42,"column":34},"end":{"line":55,"column":2}},"line":42},"11":{"name":"(anonymous_11)","decl":{"start":{"line":42,"column":68},"end":{"line":42,"column":69}},"loc":{"start":{"line":42,"column":81},"end":{"line":55,"column":1}},"line":42}},"branchMap":{"0":{"loc":{"start":{"line":2,"column":16},"end":{"line":10,"column":1}},"type":"binary-expr","locations":[{"start":{"line":2,"column":17},"end":{"line":2,"column":21}},{"start":{"line":2,"column":25},"end":{"line":2,"column":39}},{"start":{"line":2,"column":44},"end":{"line":10,"column":1}}],"line":2},"1":{"loc":{"start":{"line":3,"column":35},"end":{"line":3,"column":109}},"type":"cond-expr","locations":[{"start":{"line":3,"column":56},"end":{"line":3,"column":61}},{"start":{"line":3,"column":64},"end":{"line":3,"column":109}}],"line":3},"2":{"loc":{"start":{"line":4,"column":16},"end":{"line":4,"column":34}},"type":"binary-expr","locations":[{"start":{"line":4,"column":16},"end":{"line":4,"column":17}},{"start":{"line":4,"column":22},"end":{"line":4,"column":33}}],"line":4},"3":{"loc":{"start":{"line":7,"column":32},"end":{"line":7,"column":115}},"type":"cond-expr","locations":[{"start":{"line":7,"column":46},"end":{"line":7,"column":67}},{"start":{"line":7,"column":70},"end":{"line":7,"column":115}}],"line":7},"4":{"loc":{"start":{"line":8,"column":51},"end":{"line":8,"column":67}},"type":"binary-expr","locations":[{"start":{"line":8,"column":51},"end":{"line":8,"column":61}},{"start":{"line":8,"column":65},"end":{"line":8,"column":67}}],"line":8},"5":{"loc":{"start":{"line":11,"column":22},"end":{"line":13,"column":1}},"type":"binary-expr","locations":[{"start":{"line":11,"column":23},"end":{"line":11,"column":27}},{"start":{"line":11,"column":31},"end":{"line":11,"column":51}},{"start":{"line":11,"column":56},"end":{"line":13,"column":1}}],"line":11},"6":{"loc":{"start":{"line":12,"column":11},"end":{"line":12,"column":61}},"type":"cond-expr","locations":[{"start":{"line":12,"column":37},"end":{"line":12,"column":40}},{"start":{"line":12,"column":43},"end":{"line":12,"column":61}}],"line":12},"7":{"loc":{"start":{"line":12,"column":12},"end":{"line":12,"column":33}},"type":"binary-expr","locations":[{"start":{"line":12,"column":12},"end":{"line":12,"column":15}},{"start":{"line":12,"column":19},"end":{"line":12,"column":33}}],"line":12},"8":{"loc":{"start":{"line":24,"column":8},"end":{"line":26,"column":9}},"type":"if","locations":[{"start":{"line":24,"column":8},"end":{"line":26,"column":9}},{"start":{},"end":{}}],"line":24},"9":{"loc":{"start":{"line":45,"column":8},"end":{"line":47,"column":9}},"type":"if","locations":[{"start":{"line":45,"column":8},"end":{"line":47,"column":9}},{"start":{},"end":{}}],"line":45},"10":{"loc":{"start":{"line":45,"column":12},"end":{"line":45,"column":88}},"type":"binary-expr","locations":[{"start":{"line":45,"column":12},"end":{"line":45,"column":17}},{"start":{"line":45,"column":21},"end":{"line":45,"column":88}}],"line":45}},"s":{"0":1,"1":6,"2":3,"3":3,"4":5,"5":5,"6":0,"7":1,"8":1,"9":0,"10":9,"11":3,"12":1,"13":2,"14":1,"15":1,"16":1,"17":1,"18":1,"19":1,"20":1,"21":1,"22":1,"23":1,"24":1,"25":1,"26":0,"27":1,"28":0,"29":0,"30":1,"31":1,"32":1,"33":2,"34":2,"35":2,"36":2,"37":1,"38":1,"39":1,"40":1,"41":0,"42":1},"f":{"0":3,"1":6,"2":3,"3":3,"4":5,"5":1,"6":9,"7":2,"8":1,"9":1,"10":2,"11":2},"b":{"0":[1,1,1],"1":[3,3],"2":[3,3],"3":[3,6],"4":[3,3],"5":[1,1,1],"6":[1,1],"7":[2,2],"8":[0,1],"9":[1,1],"10":[2,2]},"inputSourceMap":null,"_coverageSchema":"1a1c01bbd47fc00a2c39e90264f33305004495a9","hash":"b8c7e856d497f06bcd0f1351aaa37f4596536c08"}
,"D:\\dev1\\prince\\andela-dev\\MyBrand-PRINCE-BE\\controllers\\blog.controller.js": {"path":"D:\\dev1\\prince\\andela-dev\\MyBrand-PRINCE-BE\\controllers\\blog.controller.js","statementMap":{"0":{"start":{"line":2,"column":16},"end":{"line":10,"column":1}},"1":{"start":{"line":3,"column":28},"end":{"line":3,"column":110}},"2":{"start":{"line":3,"column":91},"end":{"line":3,"column":106}},"3":{"start":{"line":4,"column":4},"end":{"line":9,"column":7}},"4":{"start":{"line":5,"column":36},"end":{"line":5,"column":97}},"5":{"start":{"line":5,"column":42},"end":{"line":5,"column":70}},"6":{"start":{"line":5,"column":85},"end":{"line":5,"column":95}},"7":{"start":{"line":6,"column":35},"end":{"line":6,"column":100}},"8":{"start":{"line":6,"column":41},"end":{"line":6,"column":73}},"9":{"start":{"line":6,"column":88},"end":{"line":6,"column":98}},"10":{"start":{"line":7,"column":32},"end":{"line":7,"column":116}},"11":{"start":{"line":8,"column":8},"end":{"line":8,"column":78}},"12":{"start":{"line":11,"column":22},"end":{"line":13,"column":1}},"13":{"start":{"line":12,"column":4},"end":{"line":12,"column":62}},"14":{"start":{"line":14,"column":0},"end":{"line":14,"column":62}},"15":{"start":{"line":15,"column":0},"end":{"line":15,"column":148}},"16":{"start":{"line":16,"column":17},"end":{"line":16,"column":44}},"17":{"start":{"line":17,"column":21},"end":{"line":17,"column":69}},"18":{"start":{"line":18,"column":15},"end":{"line":18,"column":56}},"19":{"start":{"line":19,"column":15},"end":{"line":19,"column":56}},"20":{"start":{"line":21,"column":19},"end":{"line":53,"column":2}},"21":{"start":{"line":21,"column":33},"end":{"line":53,"column":2}},"22":{"start":{"line":22,"column":4},"end":{"line":52,"column":5}},"23":{"start":{"line":24,"column":8},"end":{"line":48,"column":12}},"24":{"start":{"line":24,"column":48},"end":{"line":48,"column":10}},"25":{"start":{"line":25,"column":12},"end":{"line":28,"column":13}},"26":{"start":{"line":27,"column":16},"end":{"line":27,"column":68}},"27":{"start":{"line":29,"column":12},"end":{"line":47,"column":13}},"28":{"start":{"line":31,"column":16},"end":{"line":33,"column":17}},"29":{"start":{"line":32,"column":20},"end":{"line":32,"column":98}},"30":{"start":{"line":35,"column":43},"end":{"line":35,"column":104}},"31":{"start":{"line":36,"column":33},"end":{"line":36,"column":62}},"32":{"start":{"line":37,"column":38},"end":{"line":37,"column":66}},"33":{"start":{"line":39,"column":36},"end":{"line":39,"column":176}},"34":{"start":{"line":40,"column":29},"end":{"line":40,"column":69}},"35":{"start":{"line":42,"column":16},"end":{"line":42,"column":120}},"36":{"start":{"line":43,"column":16},"end":{"line":43,"column":53}},"37":{"start":{"line":46,"column":16},"end":{"line":46,"column":63}},"38":{"start":{"line":51,"column":8},"end":{"line":51,"column":55}},"39":{"start":{"line":54,"column":0},"end":{"line":54,"column":32}},"40":{"start":{"line":56,"column":19},"end":{"line":98,"column":2}},"41":{"start":{"line":56,"column":33},"end":{"line":98,"column":2}},"42":{"start":{"line":57,"column":4},"end":{"line":97,"column":5}},"43":{"start":{"line":58,"column":23},"end":{"line":58,"column":33}},"44":{"start":{"line":59,"column":19},"end":{"line":59,"column":52}},"45":{"start":{"line":60,"column":8},"end":{"line":62,"column":9}},"46":{"start":{"line":61,"column":12},"end":{"line":61,"column":80}},"47":{"start":{"line":63,"column":8},"end":{"line":65,"column":9}},"48":{"start":{"line":64,"column":12},"end":{"line":64,"column":94}},"49":{"start":{"line":67,"column":8},"end":{"line":78,"column":9}},"50":{"start":{"line":69,"column":39},"end":{"line":69,"column":96}},"51":{"start":{"line":70,"column":32},"end":{"line":70,"column":61}},"52":{"start":{"line":72,"column":12},"end":{"line":74,"column":13}},"53":{"start":{"line":73,"column":16},"end":{"line":73,"column":80}},"54":{"start":{"line":76,"column":12},"end":{"line":76,"column":37}},"55":{"start":{"line":77,"column":12},"end":{"line":77,"column":62}},"56":{"start":{"line":80,"column":8},"end":{"line":83,"column":9}},"57":{"start":{"line":81,"column":12},"end":{"line":81,"column":40}},"58":{"start":{"line":82,"column":12},"end":{"line":82,"column":40}},"59":{"start":{"line":84,"column":8},"end":{"line":86,"column":9}},"60":{"start":{"line":85,"column":12},"end":{"line":85,"column":52}},"61":{"start":{"line":87,"column":8},"end":{"line":89,"column":9}},"62":{"start":{"line":88,"column":12},"end":{"line":88,"column":46}},"63":{"start":{"line":92,"column":8},"end":{"line":92,"column":33}},"64":{"start":{"line":93,"column":8},"end":{"line":93,"column":45}},"65":{"start":{"line":96,"column":8},"end":{"line":96,"column":55}},"66":{"start":{"line":99,"column":0},"end":{"line":99,"column":32}},"67":{"start":{"line":100,"column":17},"end":{"line":108,"column":2}},"68":{"start":{"line":100,"column":31},"end":{"line":108,"column":2}},"69":{"start":{"line":101,"column":4},"end":{"line":107,"column":5}},"70":{"start":{"line":102,"column":22},"end":{"line":102,"column":68}},"71":{"start":{"line":103,"column":8},"end":{"line":103,"column":66}},"72":{"start":{"line":106,"column":8},"end":{"line":106,"column":55}},"73":{"start":{"line":109,"column":0},"end":{"line":109,"column":28}},"74":{"start":{"line":110,"column":16},"end":{"line":121,"column":2}},"75":{"start":{"line":110,"column":30},"end":{"line":121,"column":2}},"76":{"start":{"line":111,"column":4},"end":{"line":120,"column":5}},"77":{"start":{"line":112,"column":21},"end":{"line":112,"column":84}},"78":{"start":{"line":113,"column":8},"end":{"line":115,"column":9}},"79":{"start":{"line":114,"column":12},"end":{"line":114,"column":91}},"80":{"start":{"line":116,"column":8},"end":{"line":116,"column":23}},"81":{"start":{"line":119,"column":8},"end":{"line":119,"column":55}},"82":{"start":{"line":122,"column":0},"end":{"line":122,"column":26}},"83":{"start":{"line":123,"column":19},"end":{"line":137,"column":2}},"84":{"start":{"line":123,"column":33},"end":{"line":137,"column":2}},"85":{"start":{"line":124,"column":4},"end":{"line":136,"column":5}},"86":{"start":{"line":125,"column":23},"end":{"line":125,"column":33}},"87":{"start":{"line":126,"column":21},"end":{"line":126,"column":54}},"88":{"start":{"line":127,"column":8},"end":{"line":129,"column":9}},"89":{"start":{"line":128,"column":12},"end":{"line":128,"column":80}},"90":{"start":{"line":130,"column":8},"end":{"line":130,"column":72}},"91":{"start":{"line":131,"column":8},"end":{"line":131,"column":28}},"92":{"start":{"line":132,"column":8},"end":{"line":132,"column":63}},"93":{"start":{"line":135,"column":8},"end":{"line":135,"column":55}},"94":{"start":{"line":138,"column":0},"end":{"line":138,"column":32}},"95":{"start":{"line":139,"column":17},"end":{"line":159,"column":2}},"96":{"start":{"line":139,"column":31},"end":{"line":159,"column":2}},"97":{"start":{"line":140,"column":19},"end":{"line":140,"column":29}},"98":{"start":{"line":141,"column":4},"end":{"line":158,"column":5}},"99":{"start":{"line":142,"column":21},"end":{"line":142,"column":54}},"100":{"start":{"line":143,"column":8},"end":{"line":145,"column":9}},"101":{"start":{"line":144,"column":12},"end":{"line":144,"column":81}},"102":{"start":{"line":146,"column":8},"end":{"line":148,"column":9}},"103":{"start":{"line":147,"column":12},"end":{"line":147,"column":87}},"104":{"start":{"line":149,"column":8},"end":{"line":151,"column":9}},"105":{"start":{"line":150,"column":12},"end":{"line":150,"column":108}},"106":{"start":{"line":150,"column":61},"end":{"line":150,"column":106}},"107":{"start":{"line":152,"column":8},"end":{"line":152,"column":38}},"108":{"start":{"line":153,"column":8},"end":{"line":153,"column":26}},"109":{"start":{"line":154,"column":8},"end":{"line":154,"column":76}},"110":{"start":{"line":157,"column":8},"end":{"line":157,"column":62}},"111":{"start":{"line":160,"column":0},"end":{"line":160,"column":28}},"112":{"start":{"line":161,"column":20},"end":{"line":181,"column":2}},"113":{"start":{"line":161,"column":34},"end":{"line":181,"column":2}},"114":{"start":{"line":162,"column":19},"end":{"line":162,"column":29}},"115":{"start":{"line":163,"column":4},"end":{"line":180,"column":5}},"116":{"start":{"line":164,"column":21},"end":{"line":164,"column":54}},"117":{"start":{"line":165,"column":8},"end":{"line":167,"column":9}},"118":{"start":{"line":166,"column":12},"end":{"line":166,"column":81}},"119":{"start":{"line":168,"column":8},"end":{"line":170,"column":9}},"120":{"start":{"line":169,"column":12},"end":{"line":169,"column":90}},"121":{"start":{"line":171,"column":8},"end":{"line":173,"column":9}},"122":{"start":{"line":172,"column":12},"end":{"line":172,"column":102}},"123":{"start":{"line":172,"column":55},"end":{"line":172,"column":100}},"124":{"start":{"line":174,"column":8},"end":{"line":174,"column":41}},"125":{"start":{"line":175,"column":8},"end":{"line":175,"column":26}},"126":{"start":{"line":176,"column":8},"end":{"line":176,"column":79}},"127":{"start":{"line":179,"column":8},"end":{"line":179,"column":62}},"128":{"start":{"line":182,"column":0},"end":{"line":182,"column":34}}},"fnMap":{"0":{"name":"(anonymous_0)","decl":{"start":{"line":2,"column":44},"end":{"line":2,"column":45}},"loc":{"start":{"line":2,"column":89},"end":{"line":10,"column":1}},"line":2},"1":{"name":"adopt","decl":{"start":{"line":3,"column":13},"end":{"line":3,"column":18}},"loc":{"start":{"line":3,"column":26},"end":{"line":3,"column":112}},"line":3},"2":{"name":"(anonymous_2)","decl":{"start":{"line":3,"column":70},"end":{"line":3,"column":71}},"loc":{"start":{"line":3,"column":89},"end":{"line":3,"column":108}},"line":3},"3":{"name":"(anonymous_3)","decl":{"start":{"line":4,"column":36},"end":{"line":4,"column":37}},"loc":{"start":{"line":4,"column":63},"end":{"line":9,"column":5}},"line":4},"4":{"name":"fulfilled","decl":{"start":{"line":5,"column":17},"end":{"line":5,"column":26}},"loc":{"start":{"line":5,"column":34},"end":{"line":5,"column":99}},"line":5},"5":{"name":"rejected","decl":{"start":{"line":6,"column":17},"end":{"line":6,"column":25}},"loc":{"start":{"line":6,"column":33},"end":{"line":6,"column":102}},"line":6},"6":{"name":"step","decl":{"start":{"line":7,"column":17},"end":{"line":7,"column":21}},"loc":{"start":{"line":7,"column":30},"end":{"line":7,"column":118}},"line":7},"7":{"name":"(anonymous_7)","decl":{"start":{"line":11,"column":56},"end":{"line":11,"column":57}},"loc":{"start":{"line":11,"column":71},"end":{"line":13,"column":1}},"line":11},"8":{"name":"(anonymous_8)","decl":{"start":{"line":21,"column":19},"end":{"line":21,"column":20}},"loc":{"start":{"line":21,"column":33},"end":{"line":53,"column":2}},"line":21},"9":{"name":"(anonymous_9)","decl":{"start":{"line":21,"column":67},"end":{"line":21,"column":68}},"loc":{"start":{"line":21,"column":80},"end":{"line":53,"column":1}},"line":21},"10":{"name":"(anonymous_10)","decl":{"start":{"line":24,"column":39},"end":{"line":24,"column":40}},"loc":{"start":{"line":24,"column":48},"end":{"line":48,"column":10}},"line":24},"11":{"name":"(anonymous_11)","decl":{"start":{"line":24,"column":82},"end":{"line":24,"column":83}},"loc":{"start":{"line":24,"column":95},"end":{"line":48,"column":9}},"line":24},"12":{"name":"(anonymous_12)","decl":{"start":{"line":56,"column":19},"end":{"line":56,"column":20}},"loc":{"start":{"line":56,"column":33},"end":{"line":98,"column":2}},"line":56},"13":{"name":"(anonymous_13)","decl":{"start":{"line":56,"column":67},"end":{"line":56,"column":68}},"loc":{"start":{"line":56,"column":80},"end":{"line":98,"column":1}},"line":56},"14":{"name":"(anonymous_14)","decl":{"start":{"line":100,"column":17},"end":{"line":100,"column":18}},"loc":{"start":{"line":100,"column":31},"end":{"line":108,"column":2}},"line":100},"15":{"name":"(anonymous_15)","decl":{"start":{"line":100,"column":65},"end":{"line":100,"column":66}},"loc":{"start":{"line":100,"column":78},"end":{"line":108,"column":1}},"line":100},"16":{"name":"(anonymous_16)","decl":{"start":{"line":110,"column":16},"end":{"line":110,"column":17}},"loc":{"start":{"line":110,"column":30},"end":{"line":121,"column":2}},"line":110},"17":{"name":"(anonymous_17)","decl":{"start":{"line":110,"column":64},"end":{"line":110,"column":65}},"loc":{"start":{"line":110,"column":77},"end":{"line":121,"column":1}},"line":110},"18":{"name":"(anonymous_18)","decl":{"start":{"line":123,"column":19},"end":{"line":123,"column":20}},"loc":{"start":{"line":123,"column":33},"end":{"line":137,"column":2}},"line":123},"19":{"name":"(anonymous_19)","decl":{"start":{"line":123,"column":67},"end":{"line":123,"column":68}},"loc":{"start":{"line":123,"column":80},"end":{"line":137,"column":1}},"line":123},"20":{"name":"(anonymous_20)","decl":{"start":{"line":139,"column":17},"end":{"line":139,"column":18}},"loc":{"start":{"line":139,"column":31},"end":{"line":159,"column":2}},"line":139},"21":{"name":"(anonymous_21)","decl":{"start":{"line":139,"column":65},"end":{"line":139,"column":66}},"loc":{"start":{"line":139,"column":78},"end":{"line":159,"column":1}},"line":139},"22":{"name":"(anonymous_22)","decl":{"start":{"line":150,"column":49},"end":{"line":150,"column":50}},"loc":{"start":{"line":150,"column":61},"end":{"line":150,"column":106}},"line":150},"23":{"name":"(anonymous_23)","decl":{"start":{"line":161,"column":20},"end":{"line":161,"column":21}},"loc":{"start":{"line":161,"column":34},"end":{"line":181,"column":2}},"line":161},"24":{"name":"(anonymous_24)","decl":{"start":{"line":161,"column":68},"end":{"line":161,"column":69}},"loc":{"start":{"line":161,"column":81},"end":{"line":181,"column":1}},"line":161},"25":{"name":"(anonymous_25)","decl":{"start":{"line":172,"column":43},"end":{"line":172,"column":44}},"loc":{"start":{"line":172,"column":55},"end":{"line":172,"column":100}},"line":172}},"branchMap":{"0":{"loc":{"start":{"line":2,"column":16},"end":{"line":10,"column":1}},"type":"binary-expr","locations":[{"start":{"line":2,"column":17},"end":{"line":2,"column":21}},{"start":{"line":2,"column":25},"end":{"line":2,"column":39}},{"start":{"line":2,"column":44},"end":{"line":10,"column":1}}],"line":2},"1":{"loc":{"start":{"line":3,"column":35},"end":{"line":3,"column":109}},"type":"cond-expr","locations":[{"start":{"line":3,"column":56},"end":{"line":3,"column":61}},{"start":{"line":3,"column":64},"end":{"line":3,"column":109}}],"line":3},"2":{"loc":{"start":{"line":4,"column":16},"end":{"line":4,"column":34}},"type":"binary-expr","locations":[{"start":{"line":4,"column":16},"end":{"line":4,"column":17}},{"start":{"line":4,"column":22},"end":{"line":4,"column":33}}],"line":4},"3":{"loc":{"start":{"line":7,"column":32},"end":{"line":7,"column":115}},"type":"cond-expr","locations":[{"start":{"line":7,"column":46},"end":{"line":7,"column":67}},{"start":{"line":7,"column":70},"end":{"line":7,"column":115}}],"line":7},"4":{"loc":{"start":{"line":8,"column":51},"end":{"line":8,"column":67}},"type":"binary-expr","locations":[{"start":{"line":8,"column":51},"end":{"line":8,"column":61}},{"start":{"line":8,"column":65},"end":{"line":8,"column":67}}],"line":8},"5":{"loc":{"start":{"line":11,"column":22},"end":{"line":13,"column":1}},"type":"binary-expr","locations":[{"start":{"line":11,"column":23},"end":{"line":11,"column":27}},{"start":{"line":11,"column":31},"end":{"line":11,"column":51}},{"start":{"line":11,"column":56},"end":{"line":13,"column":1}}],"line":11},"6":{"loc":{"start":{"line":12,"column":11},"end":{"line":12,"column":61}},"type":"cond-expr","locations":[{"start":{"line":12,"column":37},"end":{"line":12,"column":40}},{"start":{"line":12,"column":43},"end":{"line":12,"column":61}}],"line":12},"7":{"loc":{"start":{"line":12,"column":12},"end":{"line":12,"column":33}},"type":"binary-expr","locations":[{"start":{"line":12,"column":12},"end":{"line":12,"column":15}},{"start":{"line":12,"column":19},"end":{"line":12,"column":33}}],"line":12},"8":{"loc":{"start":{"line":25,"column":12},"end":{"line":28,"column":13}},"type":"if","locations":[{"start":{"line":25,"column":12},"end":{"line":28,"column":13}},{"start":{},"end":{}}],"line":25},"9":{"loc":{"start":{"line":31,"column":16},"end":{"line":33,"column":17}},"type":"if","locations":[{"start":{"line":31,"column":16},"end":{"line":33,"column":17}},{"start":{},"end":{}}],"line":31},"10":{"loc":{"start":{"line":31,"column":20},"end":{"line":31,"column":51}},"type":"binary-expr","locations":[{"start":{"line":31,"column":20},"end":{"line":31,"column":30}},{"start":{"line":31,"column":34},"end":{"line":31,"column":51}}],"line":31},"11":{"loc":{"start":{"line":60,"column":8},"end":{"line":62,"column":9}},"type":"if","locations":[{"start":{"line":60,"column":8},"end":{"line":62,"column":9}},{"start":{},"end":{}}],"line":60},"12":{"loc":{"start":{"line":63,"column":8},"end":{"line":65,"column":9}},"type":"if","locations":[{"start":{"line":63,"column":8},"end":{"line":65,"column":9}},{"start":{},"end":{}}],"line":63},"13":{"loc":{"start":{"line":67,"column":8},"end":{"line":78,"column":9}},"type":"if","locations":[{"start":{"line":67,"column":8},"end":{"line":78,"column":9}},{"start":{},"end":{}}],"line":67},"14":{"loc":{"start":{"line":72,"column":12},"end":{"line":74,"column":13}},"type":"if","locations":[{"start":{"line":72,"column":12},"end":{"line":74,"column":13}},{"start":{},"end":{}}],"line":72},"15":{"loc":{"start":{"line":80,"column":8},"end":{"line":83,"column":9}},"type":"if","locations":[{"start":{"line":80,"column":8},"end":{"line":83,"column":9}},{"start":{},"end":{}}],"line":80},"16":{"loc":{"start":{"line":84,"column":8},"end":{"line":86,"column":9}},"type":"if","locations":[{"start":{"line":84,"column":8},"end":{"line":86,"column":9}},{"start":{},"end":{}}],"line":84},"17":{"loc":{"start":{"line":87,"column":8},"end":{"line":89,"column":9}},"type":"if","locations":[{"start":{"line":87,"column":8},"end":{"line":89,"column":9}},{"start":{},"end":{}}],"line":87},"18":{"loc":{"start":{"line":113,"column":8},"end":{"line":115,"column":9}},"type":"if","locations":[{"start":{"line":113,"column":8},"end":{"line":115,"column":9}},{"start":{},"end":{}}],"line":113},"19":{"loc":{"start":{"line":127,"column":8},"end":{"line":129,"column":9}},"type":"if","locations":[{"start":{"line":127,"column":8},"end":{"line":129,"column":9}},{"start":{},"end":{}}],"line":127},"20":{"loc":{"start":{"line":143,"column":8},"end":{"line":145,"column":9}},"type":"if","locations":[{"start":{"line":143,"column":8},"end":{"line":145,"column":9}},{"start":{},"end":{}}],"line":143},"21":{"loc":{"start":{"line":146,"column":8},"end":{"line":148,"column":9}},"type":"if","locations":[{"start":{"line":146,"column":8},"end":{"line":148,"column":9}},{"start":{},"end":{}}],"line":146},"22":{"loc":{"start":{"line":149,"column":8},"end":{"line":151,"column":9}},"type":"if","locations":[{"start":{"line":149,"column":8},"end":{"line":151,"column":9}},{"start":{},"end":{}}],"line":149},"23":{"loc":{"start":{"line":165,"column":8},"end":{"line":167,"column":9}},"type":"if","locations":[{"start":{"line":165,"column":8},"end":{"line":167,"column":9}},{"start":{},"end":{}}],"line":165},"24":{"loc":{"start":{"line":168,"column":8},"end":{"line":170,"column":9}},"type":"if","locations":[{"start":{"line":168,"column":8},"end":{"line":170,"column":9}},{"start":{},"end":{}}],"line":168},"25":{"loc":{"start":{"line":171,"column":8},"end":{"line":173,"column":9}},"type":"if","locations":[{"start":{"line":171,"column":8},"end":{"line":173,"column":9}},{"start":{},"end":{}}],"line":171}},"s":{"0":1,"1":10,"2":7,"3":9,"4":10,"5":10,"6":0,"7":0,"8":0,"9":0,"10":19,"11":9,"12":1,"13":3,"14":1,"15":1,"16":1,"17":1,"18":1,"19":1,"20":1,"21":1,"22":1,"23":1,"24":1,"25":1,"26":0,"27":1,"28":1,"29":1,"30":0,"31":0,"32":0,"33":0,"34":0,"35":0,"36":0,"37":0,"38":0,"39":1,"40":1,"41":1,"42":1,"43":1,"44":1,"45":1,"46":0,"47":1,"48":0,"49":1,"50":0,"51":0,"52":0,"53":0,"54":0,"55":0,"56":1,"57":1,"58":1,"59":1,"60":0,"61":1,"62":0,"63":1,"64":1,"65":0,"66":1,"67":1,"68":2,"69":2,"70":2,"71":2,"72":0,"73":1,"74":1,"75":2,"76":2,"77":2,"78":2,"79":1,"80":1,"81":0,"82":1,"83":1,"84":0,"85":0,"86":0,"87":0,"88":0,"89":0,"90":0,"91":0,"92":0,"93":0,"94":1,"95":1,"96":1,"97":1,"98":1,"99":1,"100":1,"101":0,"102":1,"103":0,"104":1,"105":1,"106":1,"107":1,"108":1,"109":1,"110":0,"111":1,"112":1,"113":1,"114":1,"115":1,"116":1,"117":1,"118":0,"119":1,"120":0,"121":1,"122":1,"123":1,"124":1,"125":1,"126":1,"127":0,"128":1},"f":{"0":9,"1":10,"2":7,"3":9,"4":10,"5":0,"6":19,"7":3,"8":1,"9":1,"10":1,"11":1,"12":1,"13":1,"14":2,"15":2,"16":2,"17":2,"18":0,"19":0,"20":1,"21":1,"22":1,"23":1,"24":1,"25":1},"b":{"0":[1,1,1],"1":[3,7],"2":[9,9],"3":[9,10],"4":[9,9],"5":[1,1,1],"6":[3,0],"7":[3,3],"8":[0,1],"9":[1,0],"10":[1,0],"11":[0,1],"12":[0,1],"13":[0,1],"14":[0,0],"15":[1,0],"16":[0,1],"17":[0,1],"18":[1,1],"19":[0,0],"20":[0,1],"21":[0,1],"22":[1,0],"23":[0,1],"24":[0,1],"25":[1,0]},"inputSourceMap":null,"_coverageSchema":"1a1c01bbd47fc00a2c39e90264f33305004495a9","hash":"e9c6eb6dac10c970f7f245f453d4eef7ba3681c4"}
,"D:\\dev1\\prince\\andela-dev\\MyBrand-PRINCE-BE\\controllers\\comment.controller.js": {"path":"D:\\dev1\\prince\\andela-dev\\MyBrand-PRINCE-BE\\controllers\\comment.controller.js","statementMap":{"0":{"start":{"line":2,"column":16},"end":{"line":10,"column":1}},"1":{"start":{"line":3,"column":28},"end":{"line":3,"column":110}},"2":{"start":{"line":3,"column":91},"end":{"line":3,"column":106}},"3":{"start":{"line":4,"column":4},"end":{"line":9,"column":7}},"4":{"start":{"line":5,"column":36},"end":{"line":5,"column":97}},"5":{"start":{"line":5,"column":42},"end":{"line":5,"column":70}},"6":{"start":{"line":5,"column":85},"end":{"line":5,"column":95}},"7":{"start":{"line":6,"column":35},"end":{"line":6,"column":100}},"8":{"start":{"line":6,"column":41},"end":{"line":6,"column":73}},"9":{"start":{"line":6,"column":88},"end":{"line":6,"column":98}},"10":{"start":{"line":7,"column":32},"end":{"line":7,"column":116}},"11":{"start":{"line":8,"column":8},"end":{"line":8,"column":78}},"12":{"start":{"line":11,"column":22},"end":{"line":13,"column":1}},"13":{"start":{"line":12,"column":4},"end":{"line":12,"column":62}},"14":{"start":{"line":14,"column":0},"end":{"line":14,"column":62}},"15":{"start":{"line":15,"column":0},"end":{"line":15,"column":122}},"16":{"start":{"line":16,"column":18},"end":{"line":16,"column":62}},"17":{"start":{"line":17,"column":15},"end":{"line":17,"column":56}},"18":{"start":{"line":18,"column":15},"end":{"line":18,"column":56}},"19":{"start":{"line":19,"column":22},"end":{"line":43,"column":2}},"20":{"start":{"line":19,"column":36},"end":{"line":43,"column":2}},"21":{"start":{"line":21,"column":4},"end":{"line":42,"column":5}},"22":{"start":{"line":22,"column":21},"end":{"line":22,"column":80}},"23":{"start":{"line":24,"column":27},"end":{"line":24,"column":37}},"24":{"start":{"line":26,"column":8},"end":{"line":28,"column":9}},"25":{"start":{"line":27,"column":12},"end":{"line":27,"column":74}},"26":{"start":{"line":29,"column":24},"end":{"line":29,"column":111}},"27":{"start":{"line":31,"column":8},"end":{"line":33,"column":26}},"28":{"start":{"line":35,"column":8},"end":{"line":37,"column":26}},"29":{"start":{"line":38,"column":8},"end":{"line":38,"column":48}},"30":{"start":{"line":41,"column":8},"end":{"line":41,"column":55}},"31":{"start":{"line":44,"column":0},"end":{"line":44,"column":38}},"32":{"start":{"line":45,"column":22},"end":{"line":57,"column":2}},"33":{"start":{"line":45,"column":36},"end":{"line":57,"column":2}},"34":{"start":{"line":46,"column":4},"end":{"line":56,"column":5}},"35":{"start":{"line":47,"column":23},"end":{"line":47,"column":33}},"36":{"start":{"line":48,"column":31},"end":{"line":48,"column":101}},"37":{"start":{"line":49,"column":8},"end":{"line":51,"column":9}},"38":{"start":{"line":50,"column":12},"end":{"line":50,"column":84}},"39":{"start":{"line":52,"column":8},"end":{"line":52,"column":56}},"40":{"start":{"line":55,"column":8},"end":{"line":55,"column":55}},"41":{"start":{"line":58,"column":0},"end":{"line":58,"column":38}},"42":{"start":{"line":59,"column":19},"end":{"line":71,"column":2}},"43":{"start":{"line":59,"column":33},"end":{"line":71,"column":2}},"44":{"start":{"line":60,"column":4},"end":{"line":70,"column":5}},"45":{"start":{"line":61,"column":23},"end":{"line":61,"column":33}},"46":{"start":{"line":62,"column":24},"end":{"line":62,"column":60}},"47":{"start":{"line":63,"column":8},"end":{"line":65,"column":9}},"48":{"start":{"line":64,"column":12},"end":{"line":64,"column":84}},"49":{"start":{"line":66,"column":8},"end":{"line":66,"column":48}},"50":{"start":{"line":69,"column":8},"end":{"line":69,"column":55}},"51":{"start":{"line":72,"column":0},"end":{"line":72,"column":32}},"52":{"start":{"line":73,"column":20},"end":{"line":81,"column":2}},"53":{"start":{"line":73,"column":34},"end":{"line":81,"column":2}},"54":{"start":{"line":74,"column":4},"end":{"line":80,"column":5}},"55":{"start":{"line":75,"column":25},"end":{"line":75,"column":55}},"56":{"start":{"line":76,"column":8},"end":{"line":76,"column":49}},"57":{"start":{"line":79,"column":8},"end":{"line":79,"column":55}},"58":{"start":{"line":82,"column":0},"end":{"line":82,"column":34}},"59":{"start":{"line":83,"column":22},"end":{"line":105,"column":2}},"60":{"start":{"line":83,"column":36},"end":{"line":105,"column":2}},"61":{"start":{"line":85,"column":4},"end":{"line":104,"column":5}},"62":{"start":{"line":86,"column":23},"end":{"line":86,"column":33}},"63":{"start":{"line":87,"column":31},"end":{"line":87,"column":76}},"64":{"start":{"line":88,"column":8},"end":{"line":90,"column":9}},"65":{"start":{"line":89,"column":12},"end":{"line":89,"column":84}},"66":{"start":{"line":92,"column":8},"end":{"line":94,"column":26}},"67":{"start":{"line":95,"column":8},"end":{"line":95,"column":34}},"68":{"start":{"line":97,"column":8},"end":{"line":99,"column":26}},"69":{"start":{"line":100,"column":8},"end":{"line":100,"column":31}},"70":{"start":{"line":103,"column":8},"end":{"line":103,"column":55}},"71":{"start":{"line":106,"column":0},"end":{"line":106,"column":38}}},"fnMap":{"0":{"name":"(anonymous_0)","decl":{"start":{"line":2,"column":44},"end":{"line":2,"column":45}},"loc":{"start":{"line":2,"column":89},"end":{"line":10,"column":1}},"line":2},"1":{"name":"adopt","decl":{"start":{"line":3,"column":13},"end":{"line":3,"column":18}},"loc":{"start":{"line":3,"column":26},"end":{"line":3,"column":112}},"line":3},"2":{"name":"(anonymous_2)","decl":{"start":{"line":3,"column":70},"end":{"line":3,"column":71}},"loc":{"start":{"line":3,"column":89},"end":{"line":3,"column":108}},"line":3},"3":{"name":"(anonymous_3)","decl":{"start":{"line":4,"column":36},"end":{"line":4,"column":37}},"loc":{"start":{"line":4,"column":63},"end":{"line":9,"column":5}},"line":4},"4":{"name":"fulfilled","decl":{"start":{"line":5,"column":17},"end":{"line":5,"column":26}},"loc":{"start":{"line":5,"column":34},"end":{"line":5,"column":99}},"line":5},"5":{"name":"rejected","decl":{"start":{"line":6,"column":17},"end":{"line":6,"column":25}},"loc":{"start":{"line":6,"column":33},"end":{"line":6,"column":102}},"line":6},"6":{"name":"step","decl":{"start":{"line":7,"column":17},"end":{"line":7,"column":21}},"loc":{"start":{"line":7,"column":30},"end":{"line":7,"column":118}},"line":7},"7":{"name":"(anonymous_7)","decl":{"start":{"line":11,"column":56},"end":{"line":11,"column":57}},"loc":{"start":{"line":11,"column":71},"end":{"line":13,"column":1}},"line":11},"8":{"name":"(anonymous_8)","decl":{"start":{"line":19,"column":22},"end":{"line":19,"column":23}},"loc":{"start":{"line":19,"column":36},"end":{"line":43,"column":2}},"line":19},"9":{"name":"(anonymous_9)","decl":{"start":{"line":19,"column":70},"end":{"line":19,"column":71}},"loc":{"start":{"line":19,"column":83},"end":{"line":43,"column":1}},"line":19},"10":{"name":"(anonymous_10)","decl":{"start":{"line":45,"column":22},"end":{"line":45,"column":23}},"loc":{"start":{"line":45,"column":36},"end":{"line":57,"column":2}},"line":45},"11":{"name":"(anonymous_11)","decl":{"start":{"line":45,"column":70},"end":{"line":45,"column":71}},"loc":{"start":{"line":45,"column":83},"end":{"line":57,"column":1}},"line":45},"12":{"name":"(anonymous_12)","decl":{"start":{"line":59,"column":19},"end":{"line":59,"column":20}},"loc":{"start":{"line":59,"column":33},"end":{"line":71,"column":2}},"line":59},"13":{"name":"(anonymous_13)","decl":{"start":{"line":59,"column":67},"end":{"line":59,"column":68}},"loc":{"start":{"line":59,"column":80},"end":{"line":71,"column":1}},"line":59},"14":{"name":"(anonymous_14)","decl":{"start":{"line":73,"column":20},"end":{"line":73,"column":21}},"loc":{"start":{"line":73,"column":34},"end":{"line":81,"column":2}},"line":73},"15":{"name":"(anonymous_15)","decl":{"start":{"line":73,"column":68},"end":{"line":73,"column":69}},"loc":{"start":{"line":73,"column":81},"end":{"line":81,"column":1}},"line":73},"16":{"name":"(anonymous_16)","decl":{"start":{"line":83,"column":22},"end":{"line":83,"column":23}},"loc":{"start":{"line":83,"column":36},"end":{"line":105,"column":2}},"line":83},"17":{"name":"(anonymous_17)","decl":{"start":{"line":83,"column":70},"end":{"line":83,"column":71}},"loc":{"start":{"line":83,"column":83},"end":{"line":105,"column":1}},"line":83}},"branchMap":{"0":{"loc":{"start":{"line":2,"column":16},"end":{"line":10,"column":1}},"type":"binary-expr","locations":[{"start":{"line":2,"column":17},"end":{"line":2,"column":21}},{"start":{"line":2,"column":25},"end":{"line":2,"column":39}},{"start":{"line":2,"column":44},"end":{"line":10,"column":1}}],"line":2},"1":{"loc":{"start":{"line":3,"column":35},"end":{"line":3,"column":109}},"type":"cond-expr","locations":[{"start":{"line":3,"column":56},"end":{"line":3,"column":61}},{"start":{"line":3,"column":64},"end":{"line":3,"column":109}}],"line":3},"2":{"loc":{"start":{"line":4,"column":16},"end":{"line":4,"column":34}},"type":"binary-expr","locations":[{"start":{"line":4,"column":16},"end":{"line":4,"column":17}},{"start":{"line":4,"column":22},"end":{"line":4,"column":33}}],"line":4},"3":{"loc":{"start":{"line":7,"column":32},"end":{"line":7,"column":115}},"type":"cond-expr","locations":[{"start":{"line":7,"column":46},"end":{"line":7,"column":67}},{"start":{"line":7,"column":70},"end":{"line":7,"column":115}}],"line":7},"4":{"loc":{"start":{"line":8,"column":51},"end":{"line":8,"column":67}},"type":"binary-expr","locations":[{"start":{"line":8,"column":51},"end":{"line":8,"column":61}},{"start":{"line":8,"column":65},"end":{"line":8,"column":67}}],"line":8},"5":{"loc":{"start":{"line":11,"column":22},"end":{"line":13,"column":1}},"type":"binary-expr","locations":[{"start":{"line":11,"column":23},"end":{"line":11,"column":27}},{"start":{"line":11,"column":31},"end":{"line":11,"column":51}},{"start":{"line":11,"column":56},"end":{"line":13,"column":1}}],"line":11},"6":{"loc":{"start":{"line":12,"column":11},"end":{"line":12,"column":61}},"type":"cond-expr","locations":[{"start":{"line":12,"column":37},"end":{"line":12,"column":40}},{"start":{"line":12,"column":43},"end":{"line":12,"column":61}}],"line":12},"7":{"loc":{"start":{"line":12,"column":12},"end":{"line":12,"column":33}},"type":"binary-expr","locations":[{"start":{"line":12,"column":12},"end":{"line":12,"column":15}},{"start":{"line":12,"column":19},"end":{"line":12,"column":33}}],"line":12},"8":{"loc":{"start":{"line":22,"column":21},"end":{"line":22,"column":80}},"type":"cond-expr","locations":[{"start":{"line":22,"column":65},"end":{"line":22,"column":71}},{"start":{"line":22,"column":74},"end":{"line":22,"column":80}}],"line":22},"9":{"loc":{"start":{"line":22,"column":21},"end":{"line":22,"column":62}},"type":"binary-expr","locations":[{"start":{"line":22,"column":21},"end":{"line":22,"column":45}},{"start":{"line":22,"column":49},"end":{"line":22,"column":62}}],"line":22},"10":{"loc":{"start":{"line":26,"column":8},"end":{"line":28,"column":9}},"type":"if","locations":[{"start":{"line":26,"column":8},"end":{"line":28,"column":9}},{"start":{},"end":{}}],"line":26},"11":{"loc":{"start":{"line":49,"column":8},"end":{"line":51,"column":9}},"type":"if","locations":[{"start":{"line":49,"column":8},"end":{"line":51,"column":9}},{"start":{},"end":{}}],"line":49},"12":{"loc":{"start":{"line":63,"column":8},"end":{"line":65,"column":9}},"type":"if","locations":[{"start":{"line":63,"column":8},"end":{"line":65,"column":9}},{"start":{},"end":{}}],"line":63},"13":{"loc":{"start":{"line":88,"column":8},"end":{"line":90,"column":9}},"type":"if","locations":[{"start":{"line":88,"column":8},"end":{"line":90,"column":9}},{"start":{},"end":{}}],"line":88},"14":{"loc":{"start":{"line":97,"column":47},"end":{"line":97,"column":106}},"type":"cond-expr","locations":[{"start":{"line":97,"column":91},"end":{"line":97,"column":97}},{"start":{"line":97,"column":100},"end":{"line":97,"column":106}}],"line":97},"15":{"loc":{"start":{"line":97,"column":47},"end":{"line":97,"column":88}},"type":"binary-expr","locations":[{"start":{"line":97,"column":47},"end":{"line":97,"column":71}},{"start":{"line":97,"column":75},"end":{"line":97,"column":88}}],"line":97}},"s":{"0":1,"1":7,"2":5,"3":5,"4":6,"5":6,"6":0,"7":1,"8":1,"9":0,"10":12,"11":5,"12":1,"13":3,"14":1,"15":1,"16":1,"17":1,"18":1,"19":1,"20":2,"21":2,"22":2,"23":2,"24":2,"25":0,"26":2,"27":1,"28":1,"29":1,"30":1,"31":1,"32":1,"33":1,"34":1,"35":1,"36":1,"37":1,"38":1,"39":0,"40":0,"41":1,"42":1,"43":1,"44":1,"45":1,"46":1,"47":1,"48":1,"49":0,"50":0,"51":1,"52":1,"53":1,"54":1,"55":1,"56":1,"57":0,"58":1,"59":1,"60":0,"61":0,"62":0,"63":0,"64":0,"65":0,"66":0,"67":0,"68":0,"69":0,"70":0,"71":1},"f":{"0":5,"1":7,"2":5,"3":5,"4":6,"5":1,"6":12,"7":3,"8":2,"9":2,"10":1,"11":1,"12":1,"13":1,"14":1,"15":1,"16":0,"17":0},"b":{"0":[1,1,1],"1":[2,5],"2":[5,5],"3":[5,7],"4":[5,5],"5":[1,1,1],"6":[3,0],"7":[3,3],"8":[0,2],"9":[2,2],"10":[0,2],"11":[1,0],"12":[1,0],"13":[0,0],"14":[0,0],"15":[0,0]},"inputSourceMap":null,"_coverageSchema":"1a1c01bbd47fc00a2c39e90264f33305004495a9","hash":"478c6637fb7c2384928629af30054d8ed75ea7ee"}
,"D:\\dev1\\prince\\andela-dev\\MyBrand-PRINCE-BE\\controllers\\message.controller.js": {"path":"D:\\dev1\\prince\\andela-dev\\MyBrand-PRINCE-BE\\controllers\\message.controller.js","statementMap":{"0":{"start":{"line":2,"column":16},"end":{"line":10,"column":1}},"1":{"start":{"line":3,"column":28},"end":{"line":3,"column":110}},"2":{"start":{"line":3,"column":91},"end":{"line":3,"column":106}},"3":{"start":{"line":4,"column":4},"end":{"line":9,"column":7}},"4":{"start":{"line":5,"column":36},"end":{"line":5,"column":97}},"5":{"start":{"line":5,"column":42},"end":{"line":5,"column":70}},"6":{"start":{"line":5,"column":85},"end":{"line":5,"column":95}},"7":{"start":{"line":6,"column":35},"end":{"line":6,"column":100}},"8":{"start":{"line":6,"column":41},"end":{"line":6,"column":73}},"9":{"start":{"line":6,"column":88},"end":{"line":6,"column":98}},"10":{"start":{"line":7,"column":32},"end":{"line":7,"column":116}},"11":{"start":{"line":8,"column":8},"end":{"line":8,"column":78}},"12":{"start":{"line":11,"column":22},"end":{"line":13,"column":1}},"13":{"start":{"line":12,"column":4},"end":{"line":12,"column":62}},"14":{"start":{"line":14,"column":0},"end":{"line":14,"column":62}},"15":{"start":{"line":15,"column":0},"end":{"line":15,"column":122}},"16":{"start":{"line":16,"column":18},"end":{"line":16,"column":62}},"17":{"start":{"line":17,"column":22},"end":{"line":25,"column":2}},"18":{"start":{"line":17,"column":36},"end":{"line":25,"column":2}},"19":{"start":{"line":18,"column":4},"end":{"line":24,"column":5}},"20":{"start":{"line":19,"column":24},"end":{"line":19,"column":64}},"21":{"start":{"line":20,"column":8},"end":{"line":20,"column":48}},"22":{"start":{"line":23,"column":8},"end":{"line":23,"column":55}},"23":{"start":{"line":26,"column":0},"end":{"line":26,"column":38}},"24":{"start":{"line":27,"column":22},"end":{"line":39,"column":2}},"25":{"start":{"line":27,"column":42},"end":{"line":39,"column":2}},"26":{"start":{"line":28,"column":4},"end":{"line":38,"column":5}},"27":{"start":{"line":29,"column":23},"end":{"line":29,"column":33}},"28":{"start":{"line":30,"column":24},"end":{"line":30,"column":94}},"29":{"start":{"line":31,"column":8},"end":{"line":33,"column":9}},"30":{"start":{"line":32,"column":12},"end":{"line":32,"column":83}},"31":{"start":{"line":34,"column":8},"end":{"line":34,"column":48}},"32":{"start":{"line":37,"column":8},"end":{"line":37,"column":55}},"33":{"start":{"line":40,"column":0},"end":{"line":40,"column":38}},"34":{"start":{"line":41,"column":20},"end":{"line":49,"column":2}},"35":{"start":{"line":41,"column":34},"end":{"line":49,"column":2}},"36":{"start":{"line":42,"column":4},"end":{"line":48,"column":5}},"37":{"start":{"line":43,"column":25},"end":{"line":43,"column":55}},"38":{"start":{"line":44,"column":8},"end":{"line":44,"column":72}},"39":{"start":{"line":47,"column":8},"end":{"line":47,"column":55}},"40":{"start":{"line":50,"column":0},"end":{"line":50,"column":34}},"41":{"start":{"line":51,"column":19},"end":{"line":62,"column":2}},"42":{"start":{"line":51,"column":39},"end":{"line":62,"column":2}},"43":{"start":{"line":52,"column":4},"end":{"line":61,"column":5}},"44":{"start":{"line":53,"column":24},"end":{"line":53,"column":71}},"45":{"start":{"line":54,"column":8},"end":{"line":56,"column":9}},"46":{"start":{"line":55,"column":12},"end":{"line":55,"column":94}},"47":{"start":{"line":57,"column":8},"end":{"line":57,"column":38}},"48":{"start":{"line":60,"column":8},"end":{"line":60,"column":55}},"49":{"start":{"line":63,"column":0},"end":{"line":63,"column":32}},"50":{"start":{"line":64,"column":22},"end":{"line":77,"column":2}},"51":{"start":{"line":64,"column":42},"end":{"line":77,"column":2}},"52":{"start":{"line":65,"column":4},"end":{"line":76,"column":5}},"53":{"start":{"line":66,"column":23},"end":{"line":66,"column":33}},"54":{"start":{"line":67,"column":24},"end":{"line":67,"column":60}},"55":{"start":{"line":68,"column":8},"end":{"line":70,"column":9}},"56":{"start":{"line":69,"column":12},"end":{"line":69,"column":83}},"57":{"start":{"line":71,"column":8},"end":{"line":71,"column":54}},"58":{"start":{"line":72,"column":8},"end":{"line":72,"column":70}},"59":{"start":{"line":75,"column":8},"end":{"line":75,"column":55}},"60":{"start":{"line":78,"column":0},"end":{"line":78,"column":38}}},"fnMap":{"0":{"name":"(anonymous_0)","decl":{"start":{"line":2,"column":44},"end":{"line":2,"column":45}},"loc":{"start":{"line":2,"column":89},"end":{"line":10,"column":1}},"line":2},"1":{"name":"adopt","decl":{"start":{"line":3,"column":13},"end":{"line":3,"column":18}},"loc":{"start":{"line":3,"column":26},"end":{"line":3,"column":112}},"line":3},"2":{"name":"(anonymous_2)","decl":{"start":{"line":3,"column":70},"end":{"line":3,"column":71}},"loc":{"start":{"line":3,"column":89},"end":{"line":3,"column":108}},"line":3},"3":{"name":"(anonymous_3)","decl":{"start":{"line":4,"column":36},"end":{"line":4,"column":37}},"loc":{"start":{"line":4,"column":63},"end":{"line":9,"column":5}},"line":4},"4":{"name":"fulfilled","decl":{"start":{"line":5,"column":17},"end":{"line":5,"column":26}},"loc":{"start":{"line":5,"column":34},"end":{"line":5,"column":99}},"line":5},"5":{"name":"rejected","decl":{"start":{"line":6,"column":17},"end":{"line":6,"column":25}},"loc":{"start":{"line":6,"column":33},"end":{"line":6,"column":102}},"line":6},"6":{"name":"step","decl":{"start":{"line":7,"column":17},"end":{"line":7,"column":21}},"loc":{"start":{"line":7,"column":30},"end":{"line":7,"column":118}},"line":7},"7":{"name":"(anonymous_7)","decl":{"start":{"line":11,"column":56},"end":{"line":11,"column":57}},"loc":{"start":{"line":11,"column":71},"end":{"line":13,"column":1}},"line":11},"8":{"name":"(anonymous_8)","decl":{"start":{"line":17,"column":22},"end":{"line":17,"column":23}},"loc":{"start":{"line":17,"column":36},"end":{"line":25,"column":2}},"line":17},"9":{"name":"(anonymous_9)","decl":{"start":{"line":17,"column":70},"end":{"line":17,"column":71}},"loc":{"start":{"line":17,"column":83},"end":{"line":25,"column":1}},"line":17},"10":{"name":"(anonymous_10)","decl":{"start":{"line":27,"column":22},"end":{"line":27,"column":23}},"loc":{"start":{"line":27,"column":42},"end":{"line":39,"column":2}},"line":27},"11":{"name":"(anonymous_11)","decl":{"start":{"line":27,"column":76},"end":{"line":27,"column":77}},"loc":{"start":{"line":27,"column":89},"end":{"line":39,"column":1}},"line":27},"12":{"name":"(anonymous_12)","decl":{"start":{"line":41,"column":20},"end":{"line":41,"column":21}},"loc":{"start":{"line":41,"column":34},"end":{"line":49,"column":2}},"line":41},"13":{"name":"(anonymous_13)","decl":{"start":{"line":41,"column":68},"end":{"line":41,"column":69}},"loc":{"start":{"line":41,"column":81},"end":{"line":49,"column":1}},"line":41},"14":{"name":"(anonymous_14)","decl":{"start":{"line":51,"column":19},"end":{"line":51,"column":20}},"loc":{"start":{"line":51,"column":39},"end":{"line":62,"column":2}},"line":51},"15":{"name":"(anonymous_15)","decl":{"start":{"line":51,"column":73},"end":{"line":51,"column":74}},"loc":{"start":{"line":51,"column":86},"end":{"line":62,"column":1}},"line":51},"16":{"name":"(anonymous_16)","decl":{"start":{"line":64,"column":22},"end":{"line":64,"column":23}},"loc":{"start":{"line":64,"column":42},"end":{"line":77,"column":2}},"line":64},"17":{"name":"(anonymous_17)","decl":{"start":{"line":64,"column":76},"end":{"line":64,"column":77}},"loc":{"start":{"line":64,"column":89},"end":{"line":77,"column":1}},"line":64}},"branchMap":{"0":{"loc":{"start":{"line":2,"column":16},"end":{"line":10,"column":1}},"type":"binary-expr","locations":[{"start":{"line":2,"column":17},"end":{"line":2,"column":21}},{"start":{"line":2,"column":25},"end":{"line":2,"column":39}},{"start":{"line":2,"column":44},"end":{"line":10,"column":1}}],"line":2},"1":{"loc":{"start":{"line":3,"column":35},"end":{"line":3,"column":109}},"type":"cond-expr","locations":[{"start":{"line":3,"column":56},"end":{"line":3,"column":61}},{"start":{"line":3,"column":64},"end":{"line":3,"column":109}}],"line":3},"2":{"loc":{"start":{"line":4,"column":16},"end":{"line":4,"column":34}},"type":"binary-expr","locations":[{"start":{"line":4,"column":16},"end":{"line":4,"column":17}},{"start":{"line":4,"column":22},"end":{"line":4,"column":33}}],"line":4},"3":{"loc":{"start":{"line":7,"column":32},"end":{"line":7,"column":115}},"type":"cond-expr","locations":[{"start":{"line":7,"column":46},"end":{"line":7,"column":67}},{"start":{"line":7,"column":70},"end":{"line":7,"column":115}}],"line":7},"4":{"loc":{"start":{"line":8,"column":51},"end":{"line":8,"column":67}},"type":"binary-expr","locations":[{"start":{"line":8,"column":51},"end":{"line":8,"column":61}},{"start":{"line":8,"column":65},"end":{"line":8,"column":67}}],"line":8},"5":{"loc":{"start":{"line":11,"column":22},"end":{"line":13,"column":1}},"type":"binary-expr","locations":[{"start":{"line":11,"column":23},"end":{"line":11,"column":27}},{"start":{"line":11,"column":31},"end":{"line":11,"column":51}},{"start":{"line":11,"column":56},"end":{"line":13,"column":1}}],"line":11},"6":{"loc":{"start":{"line":12,"column":11},"end":{"line":12,"column":61}},"type":"cond-expr","locations":[{"start":{"line":12,"column":37},"end":{"line":12,"column":40}},{"start":{"line":12,"column":43},"end":{"line":12,"column":61}}],"line":12},"7":{"loc":{"start":{"line":12,"column":12},"end":{"line":12,"column":33}},"type":"binary-expr","locations":[{"start":{"line":12,"column":12},"end":{"line":12,"column":15}},{"start":{"line":12,"column":19},"end":{"line":12,"column":33}}],"line":12},"8":{"loc":{"start":{"line":31,"column":8},"end":{"line":33,"column":9}},"type":"if","locations":[{"start":{"line":31,"column":8},"end":{"line":33,"column":9}},{"start":{},"end":{}}],"line":31},"9":{"loc":{"start":{"line":54,"column":8},"end":{"line":56,"column":9}},"type":"if","locations":[{"start":{"line":54,"column":8},"end":{"line":56,"column":9}},{"start":{},"end":{}}],"line":54},"10":{"loc":{"start":{"line":68,"column":8},"end":{"line":70,"column":9}},"type":"if","locations":[{"start":{"line":68,"column":8},"end":{"line":70,"column":9}},{"start":{},"end":{}}],"line":68}},"s":{"0":1,"1":5,"2":3,"3":5,"4":4,"5":4,"6":0,"7":1,"8":1,"9":0,"10":10,"11":5,"12":1,"13":1,"14":1,"15":1,"16":1,"17":1,"18":2,"19":2,"20":2,"21":1,"22":1,"23":1,"24":1,"25":1,"26":1,"27":1,"28":1,"29":1,"30":1,"31":0,"32":0,"33":1,"34":1,"35":1,"36":1,"37":1,"38":1,"39":0,"40":1,"41":1,"42":1,"43":1,"44":1,"45":1,"46":1,"47":0,"48":0,"49":1,"50":1,"51":0,"52":0,"53":0,"54":0,"55":0,"56":0,"57":0,"58":0,"59":0,"60":1},"f":{"0":5,"1":5,"2":3,"3":5,"4":4,"5":1,"6":10,"7":1,"8":2,"9":2,"10":1,"11":1,"12":1,"13":1,"14":1,"15":1,"16":0,"17":0},"b":{"0":[1,1,1],"1":[2,3],"2":[5,5],"3":[5,5],"4":[5,5],"5":[1,1,1],"6":[1,0],"7":[1,1],"8":[1,0],"9":[1,0],"10":[0,0]},"inputSourceMap":null,"_coverageSchema":"1a1c01bbd47fc00a2c39e90264f33305004495a9","hash":"aa35928ae4ccd24c8b672e1186bc5ac8e7b9ef08"}
,"D:\\dev1\\prince\\andela-dev\\MyBrand-PRINCE-BE\\middlwares\\authMiddlewares.js": {"path":"D:\\dev1\\prince\\andela-dev\\MyBrand-PRINCE-BE\\middlwares\\authMiddlewares.js","statementMap":{"0":{"start":{"line":2,"column":16},"end":{"line":10,"column":1}},"1":{"start":{"line":3,"column":28},"end":{"line":3,"column":110}},"2":{"start":{"line":3,"column":91},"end":{"line":3,"column":106}},"3":{"start":{"line":4,"column":4},"end":{"line":9,"column":7}},"4":{"start":{"line":5,"column":36},"end":{"line":5,"column":97}},"5":{"start":{"line":5,"column":42},"end":{"line":5,"column":70}},"6":{"start":{"line":5,"column":85},"end":{"line":5,"column":95}},"7":{"start":{"line":6,"column":35},"end":{"line":6,"column":100}},"8":{"start":{"line":6,"column":41},"end":{"line":6,"column":73}},"9":{"start":{"line":6,"column":88},"end":{"line":6,"column":98}},"10":{"start":{"line":7,"column":32},"end":{"line":7,"column":116}},"11":{"start":{"line":8,"column":8},"end":{"line":8,"column":78}},"12":{"start":{"line":11,"column":22},"end":{"line":13,"column":1}},"13":{"start":{"line":12,"column":4},"end":{"line":12,"column":62}},"14":{"start":{"line":14,"column":0},"end":{"line":14,"column":62}},"15":{"start":{"line":15,"column":0},"end":{"line":15,"column":68}},"16":{"start":{"line":16,"column":23},"end":{"line":16,"column":63}},"17":{"start":{"line":17,"column":15},"end":{"line":17,"column":56}},"18":{"start":{"line":18,"column":22},"end":{"line":45,"column":2}},"19":{"start":{"line":18,"column":42},"end":{"line":45,"column":2}},"20":{"start":{"line":20,"column":4},"end":{"line":22,"column":5}},"21":{"start":{"line":21,"column":8},"end":{"line":21,"column":56}},"22":{"start":{"line":23,"column":4},"end":{"line":25,"column":5}},"23":{"start":{"line":24,"column":8},"end":{"line":24,"column":108}},"24":{"start":{"line":26,"column":4},"end":{"line":44,"column":5}},"25":{"start":{"line":27,"column":24},"end":{"line":27,"column":84}},"26":{"start":{"line":29,"column":8},"end":{"line":37,"column":9}},"27":{"start":{"line":31,"column":25},"end":{"line":31,"column":66}},"28":{"start":{"line":32,"column":12},"end":{"line":34,"column":13}},"29":{"start":{"line":33,"column":16},"end":{"line":33,"column":108}},"30":{"start":{"line":35,"column":12},"end":{"line":35,"column":74}},"31":{"start":{"line":36,"column":12},"end":{"line":36,"column":19}},"32":{"start":{"line":40,"column":8},"end":{"line":42,"column":9}},"33":{"start":{"line":41,"column":12},"end":{"line":41,"column":73}},"34":{"start":{"line":43,"column":8},"end":{"line":43,"column":62}},"35":{"start":{"line":46,"column":0},"end":{"line":46,"column":38}},"36":{"start":{"line":47,"column":18},"end":{"line":52,"column":1}},"37":{"start":{"line":47,"column":32},"end":{"line":52,"column":1}},"38":{"start":{"line":48,"column":4},"end":{"line":50,"column":5}},"39":{"start":{"line":49,"column":8},"end":{"line":49,"column":91}},"40":{"start":{"line":51,"column":4},"end":{"line":51,"column":11}},"41":{"start":{"line":53,"column":0},"end":{"line":53,"column":30}},"42":{"start":{"line":54,"column":15},"end":{"line":54,"column":38}},"43":{"start":{"line":55,"column":0},"end":{"line":55,"column":24}}},"fnMap":{"0":{"name":"(anonymous_0)","decl":{"start":{"line":2,"column":44},"end":{"line":2,"column":45}},"loc":{"start":{"line":2,"column":89},"end":{"line":10,"column":1}},"line":2},"1":{"name":"adopt","decl":{"start":{"line":3,"column":13},"end":{"line":3,"column":18}},"loc":{"start":{"line":3,"column":26},"end":{"line":3,"column":112}},"line":3},"2":{"name":"(anonymous_2)","decl":{"start":{"line":3,"column":70},"end":{"line":3,"column":71}},"loc":{"start":{"line":3,"column":89},"end":{"line":3,"column":108}},"line":3},"3":{"name":"(anonymous_3)","decl":{"start":{"line":4,"column":36},"end":{"line":4,"column":37}},"loc":{"start":{"line":4,"column":63},"end":{"line":9,"column":5}},"line":4},"4":{"name":"fulfilled","decl":{"start":{"line":5,"column":17},"end":{"line":5,"column":26}},"loc":{"start":{"line":5,"column":34},"end":{"line":5,"column":99}},"line":5},"5":{"name":"rejected","decl":{"start":{"line":6,"column":17},"end":{"line":6,"column":25}},"loc":{"start":{"line":6,"column":33},"end":{"line":6,"column":102}},"line":6},"6":{"name":"step","decl":{"start":{"line":7,"column":17},"end":{"line":7,"column":21}},"loc":{"start":{"line":7,"column":30},"end":{"line":7,"column":118}},"line":7},"7":{"name":"(anonymous_7)","decl":{"start":{"line":11,"column":56},"end":{"line":11,"column":57}},"loc":{"start":{"line":11,"column":71},"end":{"line":13,"column":1}},"line":11},"8":{"name":"(anonymous_8)","decl":{"start":{"line":18,"column":22},"end":{"line":18,"column":23}},"loc":{"start":{"line":18,"column":42},"end":{"line":45,"column":2}},"line":18},"9":{"name":"(anonymous_9)","decl":{"start":{"line":18,"column":76},"end":{"line":18,"column":77}},"loc":{"start":{"line":18,"column":89},"end":{"line":45,"column":1}},"line":18},"10":{"name":"(anonymous_10)","decl":{"start":{"line":47,"column":18},"end":{"line":47,"column":19}},"loc":{"start":{"line":47,"column":32},"end":{"line":52,"column":1}},"line":47},"11":{"name":"(anonymous_11)","decl":{"start":{"line":47,"column":32},"end":{"line":47,"column":33}},"loc":{"start":{"line":47,"column":52},"end":{"line":52,"column":1}},"line":47},"12":{"name":"(anonymous_12)","decl":{"start":{"line":54,"column":15},"end":{"line":54,"column":16}},"loc":{"start":{"line":54,"column":35},"end":{"line":54,"column":38}},"line":54}},"branchMap":{"0":{"loc":{"start":{"line":2,"column":16},"end":{"line":10,"column":1}},"type":"binary-expr","locations":[{"start":{"line":2,"column":17},"end":{"line":2,"column":21}},{"start":{"line":2,"column":25},"end":{"line":2,"column":39}},{"start":{"line":2,"column":44},"end":{"line":10,"column":1}}],"line":2},"1":{"loc":{"start":{"line":3,"column":35},"end":{"line":3,"column":109}},"type":"cond-expr","locations":[{"start":{"line":3,"column":56},"end":{"line":3,"column":61}},{"start":{"line":3,"column":64},"end":{"line":3,"column":109}}],"line":3},"2":{"loc":{"start":{"line":4,"column":16},"end":{"line":4,"column":34}},"type":"binary-expr","locations":[{"start":{"line":4,"column":16},"end":{"line":4,"column":17}},{"start":{"line":4,"column":22},"end":{"line":4,"column":33}}],"line":4},"3":{"loc":{"start":{"line":7,"column":32},"end":{"line":7,"column":115}},"type":"cond-expr","locations":[{"start":{"line":7,"column":46},"end":{"line":7,"column":67}},{"start":{"line":7,"column":70},"end":{"line":7,"column":115}}],"line":7},"4":{"loc":{"start":{"line":8,"column":51},"end":{"line":8,"column":67}},"type":"binary-expr","locations":[{"start":{"line":8,"column":51},"end":{"line":8,"column":61}},{"start":{"line":8,"column":65},"end":{"line":8,"column":67}}],"line":8},"5":{"loc":{"start":{"line":11,"column":22},"end":{"line":13,"column":1}},"type":"binary-expr","locations":[{"start":{"line":11,"column":23},"end":{"line":11,"column":27}},{"start":{"line":11,"column":31},"end":{"line":11,"column":51}},{"start":{"line":11,"column":56},"end":{"line":13,"column":1}}],"line":11},"6":{"loc":{"start":{"line":12,"column":11},"end":{"line":12,"column":61}},"type":"cond-expr","locations":[{"start":{"line":12,"column":37},"end":{"line":12,"column":40}},{"start":{"line":12,"column":43},"end":{"line":12,"column":61}}],"line":12},"7":{"loc":{"start":{"line":12,"column":12},"end":{"line":12,"column":33}},"type":"binary-expr","locations":[{"start":{"line":12,"column":12},"end":{"line":12,"column":15}},{"start":{"line":12,"column":19},"end":{"line":12,"column":33}}],"line":12},"8":{"loc":{"start":{"line":20,"column":4},"end":{"line":22,"column":5}},"type":"if","locations":[{"start":{"line":20,"column":4},"end":{"line":22,"column":5}},{"start":{},"end":{}}],"line":20},"9":{"loc":{"start":{"line":20,"column":8},"end":{"line":20,"column":83}},"type":"binary-expr","locations":[{"start":{"line":20,"column":8},"end":{"line":20,"column":33}},{"start":{"line":20,"column":37},"end":{"line":20,"column":83}}],"line":20},"10":{"loc":{"start":{"line":23,"column":4},"end":{"line":25,"column":5}},"type":"if","locations":[{"start":{"line":23,"column":4},"end":{"line":25,"column":5}},{"start":{},"end":{}}],"line":23},"11":{"loc":{"start":{"line":29,"column":8},"end":{"line":37,"column":9}},"type":"if","locations":[{"start":{"line":29,"column":8},"end":{"line":37,"column":9}},{"start":{},"end":{}}],"line":29},"12":{"loc":{"start":{"line":32,"column":12},"end":{"line":34,"column":13}},"type":"if","locations":[{"start":{"line":32,"column":12},"end":{"line":34,"column":13}},{"start":{},"end":{}}],"line":32},"13":{"loc":{"start":{"line":40,"column":8},"end":{"line":42,"column":9}},"type":"if","locations":[{"start":{"line":40,"column":8},"end":{"line":42,"column":9}},{"start":{},"end":{}}],"line":40},"14":{"loc":{"start":{"line":48,"column":4},"end":{"line":50,"column":5}},"type":"if","locations":[{"start":{"line":48,"column":4},"end":{"line":50,"column":5}},{"start":{},"end":{}}],"line":48},"15":{"loc":{"start":{"line":48,"column":8},"end":{"line":48,"column":69}},"type":"binary-expr","locations":[{"start":{"line":48,"column":8},"end":{"line":48,"column":17}},{"start":{"line":48,"column":21},"end":{"line":48,"column":35}},{"start":{"line":48,"column":39},"end":{"line":48,"column":69}}],"line":48}},"s":{"0":1,"1":10,"2":10,"3":15,"4":10,"5":10,"6":0,"7":0,"8":0,"9":0,"10":25,"11":15,"12":1,"13":2,"14":1,"15":1,"16":1,"17":1,"18":1,"19":15,"20":15,"21":10,"22":15,"23":5,"24":10,"25":10,"26":10,"27":10,"28":10,"29":0,"30":10,"31":10,"32":0,"33":0,"34":0,"35":1,"36":1,"37":10,"38":8,"39":0,"40":8,"41":1,"42":1,"43":1},"f":{"0":15,"1":10,"2":10,"3":15,"4":10,"5":0,"6":25,"7":2,"8":15,"9":15,"10":10,"11":8,"12":0},"b":{"0":[1,1,1],"1":[0,10],"2":[15,15],"3":[15,10],"4":[15,15],"5":[1,1,1],"6":[1,1],"7":[2,2],"8":[10,5],"9":[15,10],"10":[5,10],"11":[10,0],"12":[0,10],"13":[0,0],"14":[0,8],"15":[8,8,8]},"inputSourceMap":null,"_coverageSchema":"1a1c01bbd47fc00a2c39e90264f33305004495a9","hash":"ac3aaab4893bbad26ba2721de9beee5866ee5fc6"}
,"D:\\dev1\\prince\\andela-dev\\MyBrand-PRINCE-BE\\model\\Blog.js": {"path":"D:\\dev1\\prince\\andela-dev\\MyBrand-PRINCE-BE\\model\\Blog.js","statementMap":{"0":{"start":{"line":2,"column":22},"end":{"line":12,"column":3}},"1":{"start":{"line":3,"column":4},"end":{"line":3,"column":33}},"2":{"start":{"line":3,"column":26},"end":{"line":3,"column":33}},"3":{"start":{"line":4,"column":15},"end":{"line":4,"column":52}},"4":{"start":{"line":5,"column":4},"end":{"line":7,"column":5}},"5":{"start":{"line":6,"column":6},"end":{"line":6,"column":68}},"6":{"start":{"line":6,"column":51},"end":{"line":6,"column":63}},"7":{"start":{"line":8,"column":4},"end":{"line":8,"column":39}},"8":{"start":{"line":10,"column":4},"end":{"line":10,"column":33}},"9":{"start":{"line":10,"column":26},"end":{"line":10,"column":33}},"10":{"start":{"line":11,"column":4},"end":{"line":11,"column":17}},"11":{"start":{"line":13,"column":25},"end":{"line":17,"column":2}},"12":{"start":{"line":14,"column":4},"end":{"line":14,"column":72}},"13":{"start":{"line":16,"column":4},"end":{"line":16,"column":21}},"14":{"start":{"line":18,"column":19},"end":{"line":24,"column":1}},"15":{"start":{"line":19,"column":4},"end":{"line":19,"column":42}},"16":{"start":{"line":19,"column":31},"end":{"line":19,"column":42}},"17":{"start":{"line":20,"column":17},"end":{"line":20,"column":19}},"18":{"start":{"line":21,"column":4},"end":{"line":21,"column":141}},"19":{"start":{"line":21,"column":21},"end":{"line":21,"column":141}},"20":{"start":{"line":21,"column":40},"end":{"line":21,"column":141}},"21":{"start":{"line":21,"column":109},"end":{"line":21,"column":141}},"22":{"start":{"line":22,"column":4},"end":{"line":22,"column":36}},"23":{"start":{"line":23,"column":4},"end":{"line":23,"column":18}},"24":{"start":{"line":25,"column":0},"end":{"line":25,"column":62}},"25":{"start":{"line":26,"column":19},"end":{"line":26,"column":52}},"26":{"start":{"line":27,"column":19},"end":{"line":77,"column":2}},"27":{"start":{"line":78,"column":13},"end":{"line":78,"column":57}},"28":{"start":{"line":79,"column":0},"end":{"line":79,"column":23}}},"fnMap":{"0":{"name":"(anonymous_0)","decl":{"start":{"line":2,"column":74},"end":{"line":2,"column":75}},"loc":{"start":{"line":2,"column":96},"end":{"line":9,"column":1}},"line":2},"1":{"name":"(anonymous_1)","decl":{"start":{"line":6,"column":38},"end":{"line":6,"column":39}},"loc":{"start":{"line":6,"column":49},"end":{"line":6,"column":65}},"line":6},"2":{"name":"(anonymous_2)","decl":{"start":{"line":9,"column":6},"end":{"line":9,"column":7}},"loc":{"start":{"line":9,"column":28},"end":{"line":12,"column":1}},"line":9},"3":{"name":"(anonymous_3)","decl":{"start":{"line":13,"column":80},"end":{"line":13,"column":81}},"loc":{"start":{"line":13,"column":95},"end":{"line":15,"column":1}},"line":13},"4":{"name":"(anonymous_4)","decl":{"start":{"line":15,"column":5},"end":{"line":15,"column":6}},"loc":{"start":{"line":15,"column":20},"end":{"line":17,"column":1}},"line":15},"5":{"name":"(anonymous_5)","decl":{"start":{"line":18,"column":50},"end":{"line":18,"column":51}},"loc":{"start":{"line":18,"column":65},"end":{"line":24,"column":1}},"line":18}},"branchMap":{"0":{"loc":{"start":{"line":2,"column":22},"end":{"line":12,"column":3}},"type":"binary-expr","locations":[{"start":{"line":2,"column":23},"end":{"line":2,"column":27}},{"start":{"line":2,"column":31},"end":{"line":2,"column":51}},{"start":{"line":2,"column":57},"end":{"line":12,"column":2}}],"line":2},"1":{"loc":{"start":{"line":2,"column":57},"end":{"line":12,"column":2}},"type":"cond-expr","locations":[{"start":{"line":2,"column":74},"end":{"line":9,"column":1}},{"start":{"line":9,"column":6},"end":{"line":12,"column":1}}],"line":2},"2":{"loc":{"start":{"line":3,"column":4},"end":{"line":3,"column":33}},"type":"if","locations":[{"start":{"line":3,"column":4},"end":{"line":3,"column":33}},{"start":{},"end":{}}],"line":3},"3":{"loc":{"start":{"line":5,"column":4},"end":{"line":7,"column":5}},"type":"if","locations":[{"start":{"line":5,"column":4},"end":{"line":7,"column":5}},{"start":{},"end":{}}],"line":5},"4":{"loc":{"start":{"line":5,"column":8},"end":{"line":5,"column":85}},"type":"binary-expr","locations":[{"start":{"line":5,"column":8},"end":{"line":5,"column":13}},{"start":{"line":5,"column":18},"end":{"line":5,"column":84}}],"line":5},"5":{"loc":{"start":{"line":5,"column":18},"end":{"line":5,"column":84}},"type":"cond-expr","locations":[{"start":{"line":5,"column":34},"end":{"line":5,"column":47}},{"start":{"line":5,"column":50},"end":{"line":5,"column":84}}],"line":5},"6":{"loc":{"start":{"line":5,"column":50},"end":{"line":5,"column":84}},"type":"binary-expr","locations":[{"start":{"line":5,"column":50},"end":{"line":5,"column":63}},{"start":{"line":5,"column":67},"end":{"line":5,"column":84}}],"line":5},"7":{"loc":{"start":{"line":10,"column":4},"end":{"line":10,"column":33}},"type":"if","locations":[{"start":{"line":10,"column":4},"end":{"line":10,"column":33}},{"start":{},"end":{}}],"line":10},"8":{"loc":{"start":{"line":13,"column":25},"end":{"line":17,"column":2}},"type":"binary-expr","locations":[{"start":{"line":13,"column":26},"end":{"line":13,"column":30}},{"start":{"line":13,"column":34},"end":{"line":13,"column":57}},{"start":{"line":13,"column":63},"end":{"line":17,"column":1}}],"line":13},"9":{"loc":{"start":{"line":13,"column":63},"end":{"line":17,"column":1}},"type":"cond-expr","locations":[{"start":{"line":13,"column":80},"end":{"line":15,"column":1}},{"start":{"line":15,"column":5},"end":{"line":17,"column":1}}],"line":13},"10":{"loc":{"start":{"line":18,"column":19},"end":{"line":24,"column":1}},"type":"binary-expr","locations":[{"start":{"line":18,"column":20},"end":{"line":18,"column":24}},{"start":{"line":18,"column":28},"end":{"line":18,"column":45}},{"start":{"line":18,"column":50},"end":{"line":24,"column":1}}],"line":18},"11":{"loc":{"start":{"line":19,"column":4},"end":{"line":19,"column":42}},"type":"if","locations":[{"start":{"line":19,"column":4},"end":{"line":19,"column":42}},{"start":{},"end":{}}],"line":19},"12":{"loc":{"start":{"line":19,"column":8},"end":{"line":19,"column":29}},"type":"binary-expr","locations":[{"start":{"line":19,"column":8},"end":{"line":19,"column":11}},{"start":{"line":19,"column":15},"end":{"line":19,"column":29}}],"line":19},"13":{"loc":{"start":{"line":21,"column":4},"end":{"line":21,"column":141}},"type":"if","locations":[{"start":{"line":21,"column":4},"end":{"line":21,"column":141}},{"start":{},"end":{}}],"line":21},"14":{"loc":{"start":{"line":21,"column":40},"end":{"line":21,"column":141}},"type":"if","locations":[{"start":{"line":21,"column":40},"end":{"line":21,"column":141}},{"start":{},"end":{}}],"line":21},"15":{"loc":{"start":{"line":21,"column":44},"end":{"line":21,"column":107}},"type":"binary-expr","locations":[{"start":{"line":21,"column":44},"end":{"line":21,"column":59}},{"start":{"line":21,"column":63},"end":{"line":21,"column":107}}],"line":21}},"s":{"0":1,"1":51,"2":51,"3":51,"4":51,"5":50,"6":5,"7":51,"8":0,"9":0,"10":0,"11":1,"12":1,"13":0,"14":1,"15":1,"16":0,"17":1,"18":1,"19":1,"20":61,"21":51,"22":1,"23":1,"24":1,"25":1,"26":1,"27":1,"28":1},"f":{"0":51,"1":5,"2":0,"3":1,"4":0,"5":1},"b":{"0":[1,1,1],"1":[1,0],"2":[51,0],"3":[50,1],"4":[51,51],"5":[0,51],"6":[51,1],"7":[0,0],"8":[1,1,1],"9":[1,0],"10":[1,1,1],"11":[0,1],"12":[1,1],"13":[1,0],"14":[51,10],"15":[61,60]},"inputSourceMap":null,"_coverageSchema":"1a1c01bbd47fc00a2c39e90264f33305004495a9","hash":"3b587e431b73aee4c1ae46970cbd327a7d07cca5"}
,"D:\\dev1\\prince\\andela-dev\\MyBrand-PRINCE-BE\\model\\Comment.js": {"path":"D:\\dev1\\prince\\andela-dev\\MyBrand-PRINCE-BE\\model\\Comment.js","statementMap":{"0":{"start":{"line":2,"column":22},"end":{"line":12,"column":3}},"1":{"start":{"line":3,"column":4},"end":{"line":3,"column":33}},"2":{"start":{"line":3,"column":26},"end":{"line":3,"column":33}},"3":{"start":{"line":4,"column":15},"end":{"line":4,"column":52}},"4":{"start":{"line":5,"column":4},"end":{"line":7,"column":5}},"5":{"start":{"line":6,"column":6},"end":{"line":6,"column":68}},"6":{"start":{"line":6,"column":51},"end":{"line":6,"column":63}},"7":{"start":{"line":8,"column":4},"end":{"line":8,"column":39}},"8":{"start":{"line":10,"column":4},"end":{"line":10,"column":33}},"9":{"start":{"line":10,"column":26},"end":{"line":10,"column":33}},"10":{"start":{"line":11,"column":4},"end":{"line":11,"column":17}},"11":{"start":{"line":13,"column":25},"end":{"line":17,"column":2}},"12":{"start":{"line":14,"column":4},"end":{"line":14,"column":72}},"13":{"start":{"line":16,"column":4},"end":{"line":16,"column":21}},"14":{"start":{"line":18,"column":19},"end":{"line":24,"column":1}},"15":{"start":{"line":19,"column":4},"end":{"line":19,"column":42}},"16":{"start":{"line":19,"column":31},"end":{"line":19,"column":42}},"17":{"start":{"line":20,"column":17},"end":{"line":20,"column":19}},"18":{"start":{"line":21,"column":4},"end":{"line":21,"column":141}},"19":{"start":{"line":21,"column":21},"end":{"line":21,"column":141}},"20":{"start":{"line":21,"column":40},"end":{"line":21,"column":141}},"21":{"start":{"line":21,"column":109},"end":{"line":21,"column":141}},"22":{"start":{"line":22,"column":4},"end":{"line":22,"column":36}},"23":{"start":{"line":23,"column":4},"end":{"line":23,"column":18}},"24":{"start":{"line":25,"column":0},"end":{"line":25,"column":62}},"25":{"start":{"line":26,"column":19},"end":{"line":26,"column":52}},"26":{"start":{"line":27,"column":22},"end":{"line":40,"column":24}},"27":{"start":{"line":41,"column":16},"end":{"line":41,"column":66}},"28":{"start":{"line":42,"column":0},"end":{"line":42,"column":26}}},"fnMap":{"0":{"name":"(anonymous_0)","decl":{"start":{"line":2,"column":74},"end":{"line":2,"column":75}},"loc":{"start":{"line":2,"column":96},"end":{"line":9,"column":1}},"line":2},"1":{"name":"(anonymous_1)","decl":{"start":{"line":6,"column":38},"end":{"line":6,"column":39}},"loc":{"start":{"line":6,"column":49},"end":{"line":6,"column":65}},"line":6},"2":{"name":"(anonymous_2)","decl":{"start":{"line":9,"column":6},"end":{"line":9,"column":7}},"loc":{"start":{"line":9,"column":28},"end":{"line":12,"column":1}},"line":9},"3":{"name":"(anonymous_3)","decl":{"start":{"line":13,"column":80},"end":{"line":13,"column":81}},"loc":{"start":{"line":13,"column":95},"end":{"line":15,"column":1}},"line":13},"4":{"name":"(anonymous_4)","decl":{"start":{"line":15,"column":5},"end":{"line":15,"column":6}},"loc":{"start":{"line":15,"column"
[...]
,"D:\\dev1\\prince\\andela-dev\\MyBrand-PRINCE-BE\\utils\\validators\\authValidator.js": {"path":"D:\\dev1\\prince\\andela-dev\\MyBrand-PRINCE-BE\\utils\\validators\\authValidator.js","statementMap":{"0":{"start":{"line":2,"column":16},"end":{"line":10,"column":1}},"1":{"start":{"line":3,"column":28},"end":{"line":3,"column":110}},"2":{"start":{"line":3,"column":91},"end":{"line":3,"column":106}},"3":{"start":{"line":4,"column":4},"end":{"line":9,"column":7}},"4":{"start":{"line":5,"column":36},"end":{"line":5,"column":97}},"5":{"start":{"line":5,"column":42},"end":{"line":5,"column":70}},"6":{"start":{"line":5,"column":85},"end":{"line":5,"column":95}},"7":{"start":{"line":6,"column":35},"end":{"line":6,"column":100}},"8":{"start":{"line":6,"column":41},"end":{"line":6,"column":73}},"9":{"start":{"line":6,"column":88},"end":{"line":6,"column":98}},"10":{"start":{"line":7,"column":32},"end":{"line":7,"column":116}},"11":{"start":{"line":8,"column":8},"end":{"line":8,"column":78}},"12":{"start":{"line":11,"column":22},"end":{"line":13,"column":1}},"13":{"start":{"line":12,"column":4},"end":{"line":12,"column":62}},"14":{"start":{"line":14,"column":0},"end":{"line":14,"column":62}},"15":{"start":{"line":15,"column":0},"end":{"line":15,"column":58}},"16":{"start":{"line":16,"column":14},"end":{"line":16,"column":45}},"17":{"start":{"line":17,"column":15},"end":{"line":17,"column":59}},"18":{"start":{"line":18,"column":21},"end":{"line":73,"column":2}},"19":{"start":{"line":46,"column":36},"end":{"line":57,"column":6}},"20":{"start":{"line":47,"column":8},"end":{"line":56,"column":9}},"21":{"start":{"line":48,"column":25},"end":{"line":48,"column":71}},"22":{"start":{"line":49,"column":12},"end":{"line":51,"column":13}},"23":{"start":{"line":50,"column":16},"end":{"line":50,"column":87}},"24":{"start":{"line":52,"column":12},"end":{"line":52,"column":25}},"25":{"start":{"line":55,"column":12},"end":{"line":55,"column":35}},"26":{"start":{"line":74,"column":20},"end":{"line":91,"column":2}},"27":{"start":{"line":92,"column":24},"end":{"line":98,"column":1}},"28":{"start":{"line":93,"column":22},"end":{"line":93,"column":53}},"29":{"start":{"line":94,"column":4},"end":{"line":96,"column":5}},"30":{"start":{"line":95,"column":8},"end":{"line":95,"column":73}},"31":{"start":{"line":97,"column":4},"end":{"line":97,"column":11}},"32":{"start":{"line":99,"column":0},"end":{"line":99,"column":42}},"33":{"start":{"line":100,"column":23},"end":{"line":106,"column":1}},"34":{"start":{"line":101,"column":22},"end":{"line":101,"column":52}},"35":{"start":{"line":102,"column":4},"end":{"line":104,"column":5}},"36":{"start":{"line":103,"column":8},"end":{"line":103,"column":73}},"37":{"start":{"line":105,"column":4},"end":{"line":105,"column":11}},"38":{"start":{"line":107,"column":0},"end":{"line":107,"column":40}}},"fnMap":{"0":{"name":"(anonymous_0)","decl":{"start":{"line":2,"column":44},"end":{"line":2,"column":45}},"loc":{"start":{"line":2,"column":89},"end":{"line":10,"column":1}},"line":2},"1":{"name":"adopt","decl":{"start":{"line":3,"column":13},"end":{"line":3,"column":18}},"loc":{"start":{"line":3,"column":26},"end":{"line":3,"column":112}},"line":3},"2":{"name":"(anonymous_2)","decl":{"start":{"line":3,"column":70},"end":{"line":3,"column":71}},"loc":{"start":{"line":3,"column":89},"end":{"line":3,"column":108}},"line":3},"3":{"name":"(anonymous_3)","decl":{"start":{"line":4,"column":36},"end":{"line":4,"column":37}},"loc":{"start":{"line":4,"column":63},"end":{"line":9,"column":5}},"line":4},"4":{"name":"fulfilled","decl":{"start":{"line":5,"column":17},"end":{"line":5,"column":26}},"loc":{"start":{"line":5,"column":34},"end":{"line":5,"column":99}},"line":5},"5":{"name":"rejected","decl":{"start":{"line":6,"column":17},"end":{"line":6,"column":25}},"loc":{"start":{"line":6,"column":33},"end":{"line":6,"column":102}},"line":6},"6":{"name":"step","decl":{"start":{"line":7,"column":17},"end":{"line":7,"column":21}},"loc":{"start":{"line":7,"column":30},"end":{"line":7,"column":118}},"line":7},"7":{"name":"(anonymous_7)","decl":{"start":{"line":11,"column":56},"end":{"line":11,"column":57}},"loc":{"start":{"line":11,"column":71},"end":{"line":13,"column":1}},"line":11},"8":{"name":"(anonymous_8)","decl":{"start":{"line":46,"column":16},"end":{"line":46,"column":17}},"loc":{"start":{"line":46,"column":36},"end":{"line":57,"column":6}},"line":46},"9":{"name":"(anonymous_9)","decl":{"start":{"line":46,"column":70},"end":{"line":46,"column":71}},"loc":{"start":{"line":46,"column":83},"end":{"line":57,"column":5}},"line":46},"10":{"name":"(anonymous_10)","decl":{"start":{"line":92,"column":24},"end":{"line":92,"column":25}},"loc":{"start":{"line":92,"column":44},"end":{"line":98,"column":1}},"line":92},"11":{"name":"(anonymous_11)","decl":{"start":{"line":100,"column":23},"end":{"line":100,"column":24}},"loc":{"start":{"line":100,"column":43},"end":{"line":106,"column":1}},"line":100}},"branchMap":{"0":{"loc":{"start":{"line":2,"column":16},"end":{"line":10,"column":1}},"type":"binary-expr","locations":[{"start":{"line":2,"column":17},"end":{"line":2,"column":21}},{"start":{"line":2,"column":25},"end":{"line":2,"column":39}},{"start":{"line":2,"column":44},"end":{"line":10,"column":1}}],"line":2},"1":{"loc":{"start":{"line":3,"column":35},"end":{"line":3,"column":109}},"type":"cond-expr","locations":[{"start":{"line":3,"column":56},"end":{"line":3,"column":61}},{"start":{"line":3,"column":64},"end":{"line":3,"column":109}}],"line":3},"2":{"loc":{"start":{"line":4,"column":16},"end":{"line":4,"column":34}},"type":"binary-expr","locations":[{"start":{"line":4,"column":16},"end":{"line":4,"column":17}},{"start":{"line":4,"column":22},"end":{"line":4,"column":33}}],"line":4},"3":{"loc":{"start":{"line":7,"column":32},"end":{"line":7,"column":115}},"type":"cond-expr","locations":[{"start":{"line":7,"column":46},"end":{"line":7,"column":67}},{"start":{"line":7,"column":70},"end":{"line":7,"column":115}}],"line":7},"4":{"loc":{"start":{"line":8,"column":51},"end":{"line":8,"column":67}},"type":"binary-expr","locations":[{"start":{"line":8,"column":51},"end":{"line":8,"column":61}},{"start":{"line":8,"column":65},"end":{"line":8,"column":67}}],"line":8},"5":{"loc":{"start":{"line":11,"column":22},"end":{"line":13,"column":1}},"type":"binary-expr","locations":[{"start":{"line":11,"column":23},"end":{"line":11,"column":27}},{"start":{"line":11,"column":31},"end":{"line":11,"column":51}},{"start":{"line":11,"column":56},"end":{"line":13,"column":1}}],"line":11},"6":{"loc":{"start":{"line":12,"column":11},"end":{"line":12,"column":61}},"type":"cond-expr","locations":[{"start":{"line":12,"column":37},"end":{"line":12,"column":40}},{"start":{"line":12,"column":43},"end":{"line":12,"column":61}}],"line":12},"7":{"loc":{"start":{"line":12,"column":12},"end":{"line":12,"column":33}},"type":"binary-expr","locations":[{"start":{"line":12,"column":12},"end":{"line":12,"column":15}},{"start":{"line":12,"column":19},"end":{"line":12,"column":33}}],"line":12},"8":{"loc":{"start":{"line":49,"column":12},"end":{"line":51,"column":13}},"type":"if","locations":[{"start":{"line":49,"column":12},"end":{"line":51,"column":13}},{"start":{},"end":{}}],"line":49},"9":{"loc":{"start":{"line":94,"column":4},"end":{"line":96,"column":5}},"type":"if","locations":[{"start":{"line":94,"column":4},"end":{"line":96,"column":5}},{"start":{},"end":{}}],"line":94},"10":{"loc":{"start":{"line":102,"column":4},"end":{"line":104,"column":5}},"type":"if","locations":[{"start":{"line":102,"column":4},"end":{"line":104,"column":5}},{"start":{},"end":{}}],"line":102}},"s":{"0":1,"1":1,"2":1,"3":1,"4":1,"5":1,"6":0,"7":0,"8":0,"9":0,"10":2,"11":1,"12":1,"13":2,"14":1,"15":1,"16":1,"17":1,"18":1,"19":1,"20":1,"21":1,"22":1,"23":1,"24":0,"25":0,"26":1,"27":1,"28":1,"29":1,"30":0,"31":1,"32":1,"33":1,"34":2,"35":2,"36":0,"37":2,"38":1},"f":{"0":1,"1":1,"2":1,"3":1,"4":1,"5":0,"6":2,"7":2,"8":1,"9":1,"10":1,"11":2},"b":{"0":[1,1,1],"1":[0,1],"2":[1,1],"3":[1,1],"4":[1,1],"5":[1,1,1],"6":[1,1],"7":[2,2],"8":[1,0],"9":[0,1],"10":[0,2]},"inputSourceMap":null,"_coverageSchema":"1a1c01bbd47fc00a2c39e90264f33305004495a9","hash":"440caabb381f6cc63f065d94ec71a1217937d939"}
,"D:\\dev1\\prince\\andela-dev\\MyBrand-PRINCE-BE\\utils\\validators\\blogValidator.js": {"path":"D:\\dev1\\prince\\andela-dev\\MyBrand-PRINCE-BE\\utils\\validators\\blogValidator.js","statementMap":{"0":{"start":{"line":2,"column":16},"end":{"line":10,"column":1}},"1":{"start":{"line":3,"column":28},"end":{"line":3,"column":110}},"2":{"start":{"line":3,"column":91},"end":{"line":3,"column":106}},"3":{"start":{"line":4,"column":4},"end":{"line":9,"column":7}},"4":{"start":{"line":5,"column":36},"end":{"line":5,"column":97}},"5":{"start":{"line":5,"column":42},"end":{"line":5,"column":70}},"6":{"start":{"line":5,"column":85},"end":{"line":5,"column":95}},"7":{"start":{"line":6,"column":35},"end":{"line":6,"column":100}},"8":{"start":{"line":6,"column":41},"end":{"line":6,"column":73}},"9":{"start":{"line":6,"column":88},"end":{"line":6,"column":98}},"10":{"start":{"line":7,"column":32},"end":{"line":7,"column":116}},"11":{"start":{"line":8,"column":8},"end":{"line":8,"column":78}},"12":{"start":{"line":11,"column":22},"end":{"line":13,"column":1}},"13":{"start":{"line":12,"column":4},"end":{"line":12,"column":62}},"14":{"start":{"line":14,"column":0},"end":{"line":14,"column":62}},"15":{"start":{"line":15,"column":0},"end":{"line":15,"column":67}},"16":{"start":{"line":16,"column":14},"end":{"line":16,"column":45}},"17":{"start":{"line":17,"column":31},"end":{"line":17,"column":82}},"18":{"start":{"line":18,"column":28},"end":{"line":53,"column":2}},"19":{"start":{"line":18,"column":48},"end":{"line":53,"column":2}},"20":{"start":{"line":19,"column":19},"end":{"line":46,"column":6}},"21":{"start":{"line":48,"column":22},"end":{"line":48,"column":70}},"22":{"start":{"line":49,"column":4},"end":{"line":51,"column":5}},"23":{"start":{"line":50,"column":8},"end":{"line":50,"column":71}},"24":{"start":{"line":50,"column":58},"end":{"line":50,"column":69}},"25":{"start":{"line":52,"column":4},"end":{"line":52,"column":11}},"26":{"start":{"line":54,"column":0},"end":{"line":54,"column":50}},"27":{"start":{"line":55,"column":28},"end":{"line":99,"column":2}},"28":{"start":{"line":55,"column":48},"end":{"line":99,"column":2}},"29":{"start":{"line":56,"column":19},"end":{"line":93,"column":6}},"30":{"start":{"line":61,"column":12},"end":{"line":63,"column":13}},"31":{"start":{"line":62,"column":16},"end":{"line":62,"column":58}},"32":{"start":{"line":64,"column":12},"end":{"line":64,"column":25}},"33":{"start":{"line":94,"column":22},"end":{"line":94,"column":70}},"34":{"start":{"line":95,"column":4},"end":{"line":97,"column":5}},"35":{"start":{"line":96,"column":8},"end":{"line":96,"column":71}},"36":{"start":{"line":96,"column":58},"end":{"line":96,"column":69}},"37":{"start":{"line":98,"column":4},"end":{"line":98,"column":11}},"38":{"start":{"line":100,"column":0},"end":{"line":100,"column":50}}},"fnMap":{"0":{"name":"(anonymous_0)","decl":{"start":{"line":2,"column":44},"end":{"line":2,"column":45}},"loc":{"start":{"line":2,"column":89},"end":{"line":10,"column":1}},"line":2},"1":{"name":"adopt","decl":{"start":{"line":3,"column":13},"end":{"line":3,"column":18}},"loc":{"start":{"line":3,"column":26},"end":{"line":3,"column":112}},"line":3},"2":{"name":"(anonymous_2)","decl":{"start":{"line":3,"column":70},"end":{"line":3,"column":71}},"loc":{"start":{"line":3,"column":89},"end":{"line":3,"column":108}},"line":3},"3":{"name":"(anonymous_3)","decl":{"start":{"line":4,"column":36},"end":{"line":4,"column":37}},"loc":{"start":{"line":4,"column":63},"end":{"line":9,"column":5}},"line":4},"4":{"name":"fulfilled","decl":{"start":{"line":5,"column":17},"end":{"line":5,"column":26}},"loc":{"start":{"line":5,"column":34},"end":{"line":5,"column":99}},"line":5},"5":{"name":"rejected","decl":{"start":{"line":6,"column":17},"end":{"line":6,"column":25}},"loc":{"start":{"line":6,"column":33},"end":{"line":6,"column":102}},"line":6},"6":{"name":"step","decl":{"start":{"line":7,"column":17},"end":{"line":7,"column":21}},"loc":{"start":{"line":7,"column":30},"end":{"line":7,"column":118}},"line":7},"7":{"name":"(anonymous_7)","decl":{"start":{"line":11,"column":56},"end":{"line":11,"column":57}},"loc":{"start":{"line":11,"column":71},"end":{"line":13,"column":1}},"line":11},"8":{"name":"(anonymous_8)","decl":{"start":{"line":18,"column":28},"end":{"line":18,"column":29}},"loc":{"start":{"line":18,"column":48},"end":{"line":53,"column":2}},"line":18},"9":{"name":"(anonymous_9)","decl":{"start":{"line":18,"column":82},"end":{"line":18,"column":83}},"loc":{"start":{"line":18,"column":95},"end":{"line":53,"column":1}},"line":18},"10":{"name":"(anonymous_10)","decl":{"start":{"line":50,"column":49},"end":{"line":50,"column":50}},"loc":{"start":{"line":50,"column":58},"end":{"line":50,"column":69}},"line":50},"11":{"name":"(anonymous_11)","decl":{"start":{"line":55,"column":28},"end":{"line":55,"column":29}},"loc":{"start":{"line":55,"column":48},"end":{"line":99,"column":2}},"line":55},"12":{"name":"(anonymous_12)","decl":{"start":{"line":55,"column":82},"end":{"line":55,"column":83}},"loc":{"start":{"line":55,"column":95},"end":{"line":99,"column":1}},"line":55},"13":{"name":"(anonymous_13)","decl":{"start":{"line":60,"column":20},"end":{"line":60,"column":21}},"loc":{"start":{"line":60,"column":40},"end":{"line":65,"column":9}},"line":60},"14":{"name":"(anonymous_14)","decl":{"start":{"line":96,"column":49},"end":{"line":96,"column":50}},"loc":{"start":{"line":96,"column":58},"end":{"line":96,"column":69}},"line":96}},"branchMap":{"0":{"loc":{"start":{"line":2,"column":16},"end":{"line":10,"column":1}},"type":"binary-expr","locations":[{"start":{"line":2,"column":17},"end":{"line":2,"column":21}},{"start":{"line":2,"column":25},"end":{"line":2,"column":39}},{"start":{"line":2,"column":44},"end":{"line":10,"column":1}}],"line":2},"1":{"loc":{"start":{"line":3,"column":35},"end":{"line":3,"column":109}},"type":"cond-expr","locations":[{"start":{"line":3,"column":56},"end":{"line":3,"column":61}},{"start":{"line":3,"column":64},"end":{"line":3,"column":109}}],"line":3},"2":{"loc":{"start":{"line":4,"column":16},"end":{"line":4,"column":34}},"type":"binary-expr","locations":[{"start":{"line":4,"column":16},"end":{"line":4,"column":17}},{"start":{"line":4,"column":22},"end":{"line":4,"column":33}}],"line":4},"3":{"loc":{"start":{"line":7,"column":32},"end":{"line":7,"column":115}},"type":"cond-expr","locations":[{"start":{"line":7,"column":46},"end":{"line":7,"column":67}},{"start":{"line":7,"column":70},"end":{"line":7,"column":115}}],"line":7},"4":{"loc":{"start":{"line":8,"column":51},"end":{"line":8,"column":67}},"type":"binary-expr","locations":[{"start":{"line":8,"column":51},"end":{"line":8,"column":61}},{"start":{"line":8,"column":65},"end":{"line":8,"column":67}}],"line":8},"5":{"loc":{"start":{"line":11,"column":22},"end":{"line":13,"column":1}},"type":"binary-expr","locations":[{"start":{"line":11,"column":23},"end":{"line":11,"column":27}},{"start":{"line":11,"column":31},"end":{"line":11,"column":51}},{"start":{"line":11,"column":56},"end":{"line":13,"column":1}}],"line":11},"6":{"loc":{"start":{"line":12,"column":11},"end":{"line":12,"column":61}},"type":"cond-expr","locations":[{"start":{"line":12,"column":37},"end":{"line":12,"column":40}},{"start":{"line":12,"column":43},"end":{"line":12,"column":61}}],"line":12},"7":{"loc":{"start":{"line":12,"column":12},"end":{"line":12,"column":33}},"type":"binary-expr","locations":[{"start":{"line":12,"column":12},"end":{"line":12,"column":15}},{"start":{"line":12,"column":19},"end":{"line":12,"column":33}}],"line":12},"8":{"loc":{"start":{"line":49,"column":4},"end":{"line":51,"column":5}},"type":"if","locations":[{"start":{"line":49,"column":4},"end":{"line":51,"column":5}},{"start":{},"end":{}}],"line":49},"9":{"loc":{"start":{"line":61,"column":12},"end":{"line":63,"column":13}},"type":"if","locations":[{"start":{"line":61,"column":12},"end":{"line":63,"column":13}},{"start":{},"end":{}}],"line":61},"10":{"loc":{"start":{"line":95,"column":4},"end":{"line":97,"column":5}},"type":"if","locations":[{"start":{"line":95,"column":4},"end":{"line":97,"column":5}},{"start":{},"end":{}}],"line":95}},"s":{"0":1,"1":0,"2":0,"3":2,"4":0,"5":0,"6":0,"7":0,"8":0,"9":0,"10":2,"11":2,"12":1,"13":2,"14":1,"15":1,"16":1,"17":1,"18":1,"19":1,"20":1,"21":1,"22":1,"23":1,"24":1,"25":1,"26":1,"27":1,"28":1,"29":1,"30":0,"31":0,"32":0,"33":1,"34":1,"35":1,"36":2,"37":1,"38":1},"f":{"0":2,"1":0,"2":0,"3":2,"4":0,"5":0,"6":2,"7":2,"8":1,"9":1,"10":1,"11":1,"12":1,"13":0,"14":2},"b":{"0":[1,1,1],"1":[0,0],"2":[2,2],"3":[2,0],"4":[2,2],"5":[1,1,1],"6":[1,1],"7":[2,2],"8":[1,0],"9":[0,0],"10":[1,0]},"inputSourceMap":null,"_coverageSchema":"1a1c01bbd47fc00a2c39e90264f33305004495a9","hash":"528996fb382559c6b917e250b56146697dc6b538"}
,"D:\\dev1\\prince\\andela-dev\\MyBrand-PRINCE-BE\\utils\\validators\\messageValidator.js": {"path":"D:\\dev1\\prince\\andela-dev\\MyBrand-PRINCE-BE\\utils\\validators\\messageValidator.js","statementMap":{"0":{"start":{"line":2,"column":22},"end":{"line":4,"column":1}},"1":{"start":{"line":3,"column":4},"end":{"line":3,"column":62}},"2":{"start":{"line":5,"column":0},"end":{"line":5,"column":62}},"3":{"start":{"line":6,"column":0},"end":{"line":6,"column":34}},"4":{"start":{"line":7,"column":14},"end":{"line":7,"column":45}},"5":{"start":{"line":8,"column":22},"end":{"line":39,"column":2}},"6":{"start":{"line":40,"column":25},"end":{"line":46,"column":1}},"7":{"start":{"line":41,"column":22},"end":{"line":41,"column":54}},"8":{"start":{"line":42,"column":4},"end":{"line":44,"column":5}},"9":{"start":{"line":43,"column":8},"end":{"line":43,"column":73}},"10":{"start":{"line":45,"column":4},"end":{"line":45,"column":11}},"11":{"start":{"line":47,"column":0},"end":{"line":47,"column":44}}},"fnMap":{"0":{"name":"(anonymous_0)","decl":{"start":{"line":2,"column":56},"end":{"line":2,"column":57}},"loc":{"start":{"line":2,"column":71},"end":{"line":4,"column":1}},"line":2},"1":{"name":"(anonymous_1)","decl":{"start":{"line":40,"column":25},"end":{"line":40,"column":26}},"loc":{"start":{"line":40,"column":45},"end":{"line":46,"column":1}},"line":40}},"branchMap":{"0":{"loc":{"start":{"line":2,"column":22},"end":{"line":4,"column":1}},"type":"binary-expr","locations":[{"start":{"line":2,"column":23},"end":{"line":2,"column":27}},{"start":{"line":2,"column":31},"end":{"line":2,"column":51}},{"start":{"line":2,"column":56},"end":{"line":4,"column":1}}],"line":2},"1":{"loc":{"start":{"line":3,"column":11},"end":{"line":3,"column":61}},"type":"cond-expr","locations":[{"start":{"line":3,"column":37},"end":{"line":3,"column":40}},{"start":{"line":3,"column":43},"end":{"line":3,"column":61}}],"line":3},"2":{"loc":{"start":{"line":3,"column":12},"end":{"line":3,"column":33}},"type":"binary-expr","locations":[{"start":{"line":3,"column":12},"end":{"line":3,"column":15}},{"start":{"line":3,"column":19},"end":{"line":3,"column":33}}],"line":3},"3":{"loc":{"start":{"line":42,"column":4},"end":{"line":44,"column":5}},"type":"if","locations":[{"start":{"line":42,"column":4},"end":{"line":44,"column":5}},{"start":{},"end":{}}],"line":42}},"s":{"0":1,"1":1,"2":1,"3":1,"4":1,"5":1,"6":1,"7":4,"8":4,"9":1,"10":3,"11":1},"f":{"0":1,"1":4},"b":{"0":[1,1,1],"1":[0,1],"2":[1,1],"3":[1,3]},"inputSourceMap":null,"_coverageSchema":"1a1c01bbd47fc00a2c39e90264f33305004495a9","hash":"c35e3a272472667a4b3bb3a937b1c9b6af4755c9"}
}
