{"D:\\dev1\\prince\\andela-dev\\my-bland-be-clone2\\config\\multer.ts": {"path":"D:\\dev1\\prince\\andela-dev\\my-bland-be-clone2\\config\\multer.ts","statementMap":{"0":{"start":{"line":6,"column":16},"end":{"line":13,"column":2}},"1":{"start":{"line":8,"column":4},"end":{"line":8,"column":26}},"2":{"start":{"line":11,"column":4},"end":{"line":11,"column":82}},"3":{"start":{"line":15,"column":19},"end":{"line":22,"column":1}},"4":{"start":{"line":16,"column":12},"end":{"line":16,"column":43}},"5":{"start":{"line":17,"column":2},"end":{"line":20,"column":3}},"6":{"start":{"line":18,"column":7},"end":{"line":18,"column":51}},"7":{"start":{"line":19,"column":6},"end":{"line":19,"column":13}},"8":{"start":{"line":21,"column":2},"end":{"line":21,"column":17}},"9":{"start":{"line":24,"column":21},"end":{"line":24,"column":73}},"10":{"start":{"line":26,"column":15},"end":{"line":26,"column":33}}},"fnMap":{"0":{"name":"(anonymous_0)","decl":{"start":{"line":7,"column":15},"end":{"line":7,"column":16}},"loc":{"start":{"line":7,"column":40},"end":{"line":9,"column":3}},"line":7},"1":{"name":"(anonymous_1)","decl":{"start":{"line":10,"column":12},"end":{"line":10,"column":13}},"loc":{"start":{"line":10,"column":37},"end":{"line":12,"column":3}},"line":10},"2":{"name":"(anonymous_2)","decl":{"start":{"line":15,"column":19},"end":{"line":15,"column":20}},"loc":{"start":{"line":15,"column":95},"end":{"line":22,"column":1}},"line":15}},"branchMap":{"0":{"loc":{"start":{"line":17,"column":2},"end":{"line":20,"column":3}},"type":"if","locations":[{"start":{"line":17,"column":2},"end":{"line":20,"column":3}},{"start":{},"end":{}}],"line":17},"1":{"loc":{"start":{"line":17,"column":6},"end":{"line":17,"column":57}},"type":"binary-expr","locations":[{"start":{"line":17,"column":6},"end":{"line":17,"column":20}},{"start":{"line":17,"column":24},"end":{"line":17,"column":39}},{"start":{"line":17,"column":43},"end":{"line":17,"column":57}}],"line":17}},"s":{"0":1,"1":0,"2":0,"3":1,"4":0,"5":0,"6":0,"7":0,"8":0,"9":1,"10":1},"f":{"0":0,"1":0,"2":0},"b":{"0":[0,0],"1":[0,0,0]},"_coverageSchema":"1a1c01bbd47fc00a2c39e90264f33305004495a9","hash":"b43b2a379237a398c08155af4f4fb17761985162"}
,"D:\\dev1\\prince\\andela-dev\\my-bland-be-clone2\\controllers\\Auth.controller.ts": {"path":"D:\\dev1\\prince\\andela-dev\\my-bland-be-clone2\\controllers\\Auth.controller.ts","statementMap":{"0":{"start":{"line":7,"column":22},"end":{"line":34,"column":1}},"1":{"start":{"line":8,"column":51},"end":{"line":8,"column":59}},"2":{"start":{"line":10,"column":2},"end":{"line":33,"column":3}},"3":{"start":{"line":12,"column":24},"end":{"line":12,"column":60}},"4":{"start":{"line":14,"column":19},"end":{"line":14,"column":25}},"5":{"start":{"line":15,"column":4},"end":{"line":18,"column":5}},"6":{"start":{"line":17,"column":6},"end":{"line":17,"column":25}},"7":{"start":{"line":20,"column":17},"end":{"line":26,"column":6}},"8":{"start":{"line":28,"column":18},"end":{"line":28,"column":39}},"9":{"start":{"line":30,"column":4},"end":{"line":30,"column":48}},"10":{"start":{"line":32,"column":4},"end":{"line":32,"column":51}},"11":{"start":{"line":36,"column":21},"end":{"line":57,"column":1}},"12":{"start":{"line":37,"column":2},"end":{"line":56,"column":3}},"13":{"start":{"line":39,"column":17},"end":{"line":39,"column":62}},"14":{"start":{"line":42,"column":4},"end":{"line":44,"column":5}},"15":{"start":{"line":43,"column":6},"end":{"line":43,"column":74}},"16":{"start":{"line":47,"column":18},"end":{"line":47,"column":39}},"17":{"start":{"line":50,"column":4},"end":{"line":50,"column":30}},"18":{"start":{"line":53,"column":4},"end":{"line":53,"column":48}},"19":{"start":{"line":55,"column":4},"end":{"line":55,"column":51}}},"fnMap":{"0":{"name":"(anonymous_0)","decl":{"start":{"line":7,"column":22},"end":{"line":7,"column":23}},"loc":{"start":{"line":7,"column":61},"end":{"line":34,"column":1}},"line":7},"1":{"name":"(anonymous_1)","decl":{"start":{"line":36,"column":21},"end":{"line":36,"column":22}},"loc":{"start":{"line":36,"column":80},"end":{"line":57,"column":1}},"line":36}},"branchMap":{"0":{"loc":{"start":{"line":15,"column":4},"end":{"line":18,"column":5}},"type":"if","locations":[{"start":{"line":15,"column":4},"end":{"line":18,"column":5}},{"start":{},"end":{}}],"line":15},"1":{"loc":{"start":{"line":42,"column":4},"end":{"line":44,"column":5}},"type":"if","locations":[{"start":{"line":42,"column":4},"end":{"line":44,"column":5}},{"start":{},"end":{}}],"line":42},"2":{"loc":{"start":{"line":42,"column":8},"end":{"line":42,"column":74}},"type":"binary-expr","locations":[{"start":{"line":42,"column":8},"end":{"line":42,"column":13}},{"start":{"line":42,"column":17},"end":{"line":42,"column":74}}],"line":42}},"s":{"0":1,"1":1,"2":1,"3":1,"4":1,"5":1,"6":0,"7":1,"8":1,"9":1,"10":0,"11":1,"12":2,"13":2,"14":2,"15":1,"16":1,"17":1,"18":1,"19":0},"f":{"0":1,"1":2},"b":{"0":[0,1],"1":[1,1],"2":[2,2]},"_coverageSchema":"1a1c01bbd47fc00a2c39e90264f33305004495a9","hash":"fce8edd5cdeac03634b1cee85b5f6b84947c561d"}
,"D:\\dev1\\prince\\andela-dev\\my-bland-be-clone2\\controllers\\blog.controller.ts": {"path":"D:\\dev1\\prince\\andela-dev\\my-bland-be-clone2\\controllers\\blog.controller.ts","statementMap":{"0":{"start":{"line":15,"column":26},"end":{"line":62,"column":1}},"1":{"start":{"line":16,"column":2},"end":{"line":61,"column":3}},"2":{"start":{"line":18,"column":4},"end":{"line":58,"column":7}},"3":{"start":{"line":19,"column":6},"end":{"line":22,"column":7}},"4":{"start":{"line":21,"column":8},"end":{"line":21,"column":60}},"5":{"start":{"line":24,"column":6},"end":{"line":57,"column":7}},"6":{"start":{"line":26,"column":8},"end":{"line":28,"column":9}},"7":{"start":{"line":27,"column":10},"end":{"line":27,"column":88}},"8":{"start":{"line":31,"column":35},"end":{"line":31,"column":86}},"9":{"start":{"line":32,"column":25},"end":{"line":32,"column":54}},"10":{"start":{"line":33,"column":30},"end":{"line":33,"column":58}},"11":{"start":{"line":36,"column":28},"end":{"line":43,"column":9}},"12":{"start":{"line":45,"column":21},"end":{"line":45,"column":51}},"13":{"start":{"line":48,"column":8},"end":{"line":52,"column":10}},"14":{"start":{"line":54,"column":8},"end":{"line":54,"column":45}},"15":{"start":{"line":56,"column":8},"end":{"line":56,"column":55}},"16":{"start":{"line":60,"column":4},"end":{"line":60,"column":51}},"17":{"start":{"line":65,"column":26},"end":{"line":117,"column":1}},"18":{"start":{"line":66,"column":2},"end":{"line":116,"column":3}},"19":{"start":{"line":67,"column":19},"end":{"line":67,"column":29}},"20":{"start":{"line":68,"column":15},"end":{"line":68,"column":38}},"21":{"start":{"line":70,"column":4},"end":{"line":72,"column":5}},"22":{"start":{"line":71,"column":6},"end":{"line":71,"column":74}},"23":{"start":{"line":74,"column":4},"end":{"line":76,"column":5}},"24":{"start":{"line":75,"column":6},"end":{"line":75,"column":88}},"25":{"start":{"line":79,"column":4},"end":{"line":93,"column":5}},"26":{"start":{"line":81,"column":33},"end":{"line":81,"column":80}},"27":{"start":{"line":82,"column":26},"end":{"line":82,"column":55}},"28":{"start":{"line":85,"column":6},"end":{"line":88,"column":7}},"29":{"start":{"line":87,"column":8},"end":{"line":87,"column":62}},"30":{"start":{"line":91,"column":6},"end":{"line":91,"column":31}},"31":{"start":{"line":92,"column":6},"end":{"line":92,"column":56}},"32":{"start":{"line":96,"column":4},"end":{"line":100,"column":5}},"33":{"start":{"line":97,"column":6},"end":{"line":97,"column":34}},"34":{"start":{"line":102,"column":4},"end":{"line":104,"column":5}},"35":{"start":{"line":103,"column":6},"end":{"line":103,"column":46}},"36":{"start":{"line":105,"column":4},"end":{"line":107,"column":5}},"37":{"start":{"line":106,"column":6},"end":{"line":106,"column":40}},"38":{"start":{"line":111,"column":4},"end":{"line":111,"column":29}},"39":{"start":{"line":113,"column":4},"end":{"line":113,"column":41}},"40":{"start":{"line":115,"column":4},"end":{"line":115,"column":51}},"41":{"start":{"line":120,"column":24},"end":{"line":127,"column":1}},"42":{"start":{"line":121,"column":2},"end":{"line":126,"column":3}},"43":{"start":{"line":122,"column":18},"end":{"line":122,"column":54}},"44":{"start":{"line":123,"column":4},"end":{"line":123,"column":62}},"45":{"start":{"line":125,"column":4},"end":{"line":125,"column":51}},"46":{"start":{"line":129,"column":23},"end":{"line":140,"column":1}},"47":{"start":{"line":130,"column":2},"end":{"line":139,"column":3}},"48":{"start":{"line":131,"column":17},"end":{"line":131,"column":70}},"49":{"start":{"line":133,"column":4},"end":{"line":135,"column":5}},"50":{"start":{"line":134,"column":6},"end":{"line":134,"column":85}},"51":{"start":{"line":136,"column":4},"end":{"line":136,"column":19}},"52":{"start":{"line":138,"column":4},"end":{"line":138,"column":51}},"53":{"start":{"line":143,"column":26},"end":{"line":162,"column":1}},"54":{"start":{"line":144,"column":2},"end":{"line":161,"column":3}},"55":{"start":{"line":145,"column":19},"end":{"line":145,"column":29}},"56":{"start":{"line":147,"column":17},"end":{"line":147,"column":40}},"57":{"start":{"line":148,"column":4},"end":{"line":150,"column":5}},"58":{"start":{"line":149,"column":6},"end":{"line":149,"column":74}},"59":{"start":{"line":153,"column":4},"end":{"line":153,"column":58}},"60":{"start":{"line":156,"column":4},"end":{"line":156,"column":24}},"61":{"start":{"line":158,"column":4},"end":{"line":158,"column":59}},"62":{"start":{"line":160,"column":4},"end":{"line":160,"column":51}},"63":{"start":{"line":168,"column":24},"end":{"line":195,"column":1}},"64":{"start":{"line":169,"column":17},"end":{"line":169,"column":27}},"65":{"start":{"line":170,"column":2},"end":{"line":194,"column":3}},"66":{"start":{"line":171,"column":17},"end":{"line":171,"column":40}},"67":{"start":{"line":173,"column":4},"end":{"line":175,"column":5}},"68":{"start":{"line":174,"column":6},"end":{"line":174,"column":75}},"69":{"start":{"line":178,"column":4},"end":{"line":180,"column":5}},"70":{"start":{"line":179,"column":6},"end":{"line":179,"column":81}},"71":{"start":{"line":183,"column":4},"end":{"line":185,"column":5}},"72":{"start":{"line":184,"column":6},"end":{"line":184,"column":102}},"73":{"start":{"line":184,"column":55},"end":{"line":184,"column":100}},"74":{"start":{"line":188,"column":4},"end":{"line":188,"column":34}},"75":{"start":{"line":189,"column":4},"end":{"line":189,"column":22}},"76":{"start":{"line":191,"column":4},"end":{"line":191,"column":72}},"77":{"start":{"line":193,"column":4},"end":{"line":193,"column":58}},"78":{"start":{"line":201,"column":27},"end":{"line":227,"column":1}},"79":{"start":{"line":202,"column":17},"end":{"line":202,"column":27}},"80":{"start":{"line":203,"column":2},"end":{"line":226,"column":3}},"81":{"start":{"line":204,"column":17},"end":{"line":204,"column":40}},"82":{"start":{"line":206,"column":4},"end":{"line":208,"column":5}},"83":{"start":{"line":207,"column":6},"end":{"line":207,"column":75}},"84":{"start":{"line":210,"column":4},"end":{"line":212,"column":5}},"85":{"start":{"line":211,"column":6},"end":{"line":211,"column":84}},"86":{"start":{"line":215,"column":4},"end":{"line":217,"column":5}},"87":{"start":{"line":216,"column":6},"end":{"line":216,"column":96}},"88":{"start":{"line":216,"column":49},"end":{"line":216,"column":94}},"89":{"start":{"line":220,"column":4},"end":{"line":220,"column":37}},"90":{"start":{"line":221,"column":4},"end":{"line":221,"column":22}},"91":{"start":{"line":223,"column":4},"end":{"line":223,"column":75}},"92":{"start":{"line":225,"column":4},"end":{"line":225,"column":58}}},"fnMap":{"0":{"name":"(anonymous_0)","decl":{"start":{"line":15,"column":26},"end":{"line":15,"column":27}},"loc":{"start":{"line":15,"column":78},"end":{"line":62,"column":1}},"line":15},"1":{"name":"(anonymous_1)","decl":{"start":{"line":18,"column":21},"end":{"line":18,"column":22}},"loc":{"start":{"line":18,"column":41},"end":{"line":58,"column":5}},"line":18},"2":{"name":"(anonymous_2)","decl":{"start":{"line":65,"column":26},"end":{"line":65,"column":27}},"loc":{"start":{"line":65,"column":78},"end":{"line":117,"column":1}},"line":65},"3":{"name":"(anonymous_3)","decl":{"start":{"line":120,"column":24},"end":{"line":120,"column":25}},"loc":{"start":{"line":120,"column":63},"end":{"line":127,"column":1}},"line":120},"4":{"name":"(anonymous_4)","decl":{"start":{"line":129,"column":23},"end":{"line":129,"column":24}},"loc":{"start":{"line":129,"column":62},"end":{"line":140,"column":1}},"line":129},"5":{"name":"(anonymous_5)","decl":{"start":{"line":143,"column":26},"end":{"line":143,"column":27}},"loc":{"start":{"line":143,"column":65},"end":{"line":162,"column":1}},"line":143},"6":{"name":"(anonymous_6)","decl":{"start":{"line":168,"column":24},"end":{"line":168,"column":25}},"loc":{"start":{"line":168,"column":76},"end":{"line":195,"column":1}},"line":168},"7":{"name":"(anonymous_7)","decl":{"start":{"line":184,"column":43},"end":{"line":184,"column":44}},"loc":{"start":{"line":184,"column":55},"end":{"line":184,"column":100}},"line":184},"8":{"name":"(anonymous_8)","decl":{"start":{"line":201,"column":27},"end":{"line":201,"column":28}},"loc":{"start":{"line":201,"column":79},"end":{"line":227,"column":1}},"line":201},"9":{"name":"(anonymous_9)","decl":{"start":{"line":216,"column":37},"end":{"line":216,"column":38}},"loc":{"start":{"line":216,"column":49},"end":{"line":216,"column":94}},"line":216}},"branchMap":{"0":{"loc":{"start":{"line":19,"column":6},"end":{"line":22,"column":7}},"type":"if","locations":[{"start":{"line":19,"column":6},"end":{"line":22,"column":7}},{"start":{},"end":{}}],"line":19},"1":{"loc":{"start":{"line":26,"column":8},"end":{"line":28,"column":9}},"type":"if","locations":[{"start":{"line":26,"column":8},"end":{"line":28,"column":9}},{"start":{},"end":{}}],"line":26},"2":{"loc":{"start":{"line":26,"column":12},"end":{"line":26,"column":43}},"type":"binary-expr","locations":[{"start":{"line":26,"column":12},"end":{"line":26,"column":22}},{"start":{"line":26,"column":26},"end":{"line":26,"column":43}}],"line":26},"3":{"loc":{"start":{"line":70,"column":4},"end":{"line":72,"column":5}},"type":"if","locations":[{"start":{"line":70,"column":4},"end":{"line":72,"column":5}},{"start":{},"end":{}}],"line":70},"4":{"loc":{"start":{"line":74,"column":4},"end":{"line":76,"column":5}},"type":"if","locations":[{"start":{"line":74,"column":4},"end":{"line":76,"column":5}},{"start":{},"end":{}}],"line":74},"5":{"loc":{"start":{"line":79,"column":4},"end":{"line":93,"column":5}},"type":"if","locations":[{"start":{"line":79,"column":4},"end":{"line":93,"column":5}},{"start":{},"end":{}}],"line":79},"6":{"loc":{"start":{"line":85,"column":6},"end":{"line":88,"column":7}},"type":"if","locations":[{"start":{"line":85,"column":6},"end":{"line":88,"column":7}},{"start":{},"end":{}}],"line":85},"7":{"loc":{"start":{"line":96,"column":4},"end":{"line":100,"column":5}},"type":"if","locations":[{"start":{"line":96,"column":4},"end":{"line":100,"column":5}},{"start":{},"end":{}}],"line":96},"8":{"loc":{"start":{"line":102,"column":4},"end":{"line":104,"column":5}},"type":"if","locations":[{"start":{"line":102,"column":4},"end":{"line":104,"column":5}},{"start":{},"end":{}}],"line":102},"9":{"loc":{"start":{"line":105,"column":4},"end":{"line":107,"column":5}},"type":"if","locations":[{"start":{"line":105,"column":4},"end":{"line":107,"column":5}},{"start":{},"end":{}}],"line":105},"10":{"loc":{"start":{"line":133,"column":4},"end":{"line":135,"column":5}},"type":"if","locations":[{"start":{"line":133,"column":4},"end":{"line":135,"column":5}},{"start":{},"end":{}}],"line":133},"11":{"loc":{"start":{"line":148,"column":4},"end":{"line":150,"column":5}},"type":"if","locations":[{"start":{"line":148,"column":4},"end":{"line":150,"column":5}},{"start":{},"end":{}}],"line":148},"12":{"loc":{"start":{"line":173,"column":4},"end":{"line":175,"column":5}},"type":"if","locations":[{"start":{"line":173,"column":4},"end":{"line":175,"column":5}},{"start":{},"end":{}}],"line":173},"13":{"loc":{"start":{"line":178,"column":4},"end":{"line":180,"column":5}},"type":"if","locations":[{"start":{"line":178,"column":4},"end":{"line":180,"column":5}},{"start":{},"end":{}}],"line":178},"14":{"loc":{"start":{"line":183,"column":4},"end":{"line":185,"column":5}},"type":"if","locations":[{"start":{"line":183,"column":4},"end":{"line":185,"column":5}},{"start":{},"end":{}}],"line":183},"15":{"loc":{"start":{"line":206,"column":4},"end":{"line":208,"column":5}},"type":"if","locations":[{"start":{"line":206,"column":4},"end":{"line":208,"column":5}},{"start":{},"end":{}}],"line":206},"16":{"loc":{"start":{"line":210,"column":4},"end":{"line":212,"column":5}},"type":"if","locations":[{"start":{"line":210,"column":4},"end":{"line":212,"column":5}},{"start":{},"end":{}}],"line":210},"17":{"loc":{"start":{"line":215,"column":4},"end":{"line":217,"column":5}},"type":"if","locations":[{"start":{"line":215,"column":4},"end":{"line":217,"column":5}},{"start":{},"end":{}}],"line":215}},"s":{"0":1,"1":0,"2":0,"3":0,"4":0,"5":0,"6":0,"7":0,"8":0,"9":0,"10":0,"11":0,"12":0,"13":0,"14":0,"15":0,"16":0,"17":1,"18":1,"19":1,"20":1,"21":1,"22":0,"23":1,"24":0,"25":1,"26":0,"27":0,"28":0,"29":0,"30":0,"31":0,"32":1,"33":1,"34":1,"35":0,"36":1,"37":0,"38":1,"39":1,"40":0,"41":1,"42":2,"43":2,"44":2,"45":0,"46":1,"47":2,"48":2,"49":2,"50":1,"51":1,"52":0,"53":1,"54":0,"55":0,"56":0,"57":0,"58":0,"59":0,"60":0,"61":0,"62":0,"63":1,"64":1,"65":1,"66":1,"67":1,"68":0,"69":1,"70":0,"71":1,"72":1,"73":2,"74":1,"75":1,"76":1,"77":0,"78":1,"79":1,"80":1,"81":1,"82":1,"83":0,"84":1,"85":0,"86":1,"87":1,"88":1,"89":1,"90":1,"91":1,"92":0},"f":{"0":0,"1":0,"2":1,"3":2,"4":2,"5":0,"6":1,"7":2,"8":1,"9":1},"b":{"0":[0,0],"1":[0,0],"2":[0,0],"3":[0,1],"4":[0,1],"5":[0,1],"6":[0,0],"7":[1,0],"8":[0,1],"9":[0,1],"10":[1,1],"11":[0,0],"12":[0,1],"13":[0,1],"14":[1,0],"15":[0,1],"16":[0,1],"17":[1,0]},"_coverageSchema":"1a1c01bbd47fc00a2c39e90264f33305004495a9","hash":"42c0a8ccb05031bf278067760f64b849431ef4da"}
,"D:\\dev1\\prince\\andela-dev\\my-bland-be-clone2\\controllers\\comment.controller.ts": {"path":"D:\\dev1\\prince\\andela-dev\\my-bland-be-clone2\\controllers\\comment.controller.ts","statementMap":{"0":{"start":{"line":14,"column":29},"end":{"line":50,"column":1}},"1":{"start":{"line":15,"column":2},"end":{"line":49,"column":3}},"2":{"start":{"line":16,"column":17},"end":{"line":16,"column":30}},"3":{"start":{"line":19,"column":23},"end":{"line":19,"column":33}},"4":{"start":{"line":22,"column":4},"end":{"line":24,"column":5}},"5":{"start":{"line":23,"column":6},"end":{"line":23,"column":68}},"6":{"start":{"line":26,"column":20},"end":{"line":26,"column":85}},"7":{"start":{"line":29,"column":4},"end":{"line":35,"column":6}},"8":{"start":{"line":38,"column":4},"end":{"line":44,"column":6}},"9":{"start":{"line":46,"column":4},"end":{"line":46,"column":44}},"10":{"start":{"line":48,"column":4},"end":{"line":48,"column":51}},"11":{"start":{"line":54,"column":29},"end":{"line":68,"column":1}},"12":{"start":{"line":55,"column":2},"end":{"line":67,"column":3}},"13":{"start":{"line":56,"column":19},"end":{"line":56,"column":29}},"14":{"start":{"line":57,"column":27},"end":{"line":57,"column":87}},"15":{"start":{"line":59,"column":4},"end":{"line":61,"column":5}},"16":{"start":{"line":60,"column":6},"end":{"line":60,"column":78}},"17":{"start":{"line":64,"column":4},"end":{"line":64,"column":51}},"18":{"start":{"line":66,"column":4},"end":{"line":66,"column":51}},"19":{"start":{"line":70,"column":26},"end":{"line":83,"column":1}},"20":{"start":{"line":71,"column":2},"end":{"line":82,"column":3}},"21":{"start":{"line":72,"column":19},"end":{"line":72,"column":29}},"22":{"start":{"line":73,"column":20},"end":{"line":73,"column":46}},"23":{"start":{"line":75,"column":4},"end":{"line":77,"column":5}},"24":{"start":{"line":76,"column":6},"end":{"line":76,"column":78}},"25":{"start":{"line":79,"column":4},"end":{"line":79,"column":44}},"26":{"start":{"line":81,"column":4},"end":{"line":81,"column":51}},"27":{"start":{"line":85,"column":27},"end":{"line":92,"column":1}},"28":{"start":{"line":86,"column":2},"end":{"line":91,"column":3}},"29":{"start":{"line":87,"column":21},"end":{"line":87,"column":41}},"30":{"start":{"line":88,"column":4},"end":{"line":88,"column":45}},"31":{"start":{"line":90,"column":4},"end":{"line":90,"column":51}},"32":{"start":{"line":94,"column":29},"end":{"line":126,"column":1}},"33":{"start":{"line":95,"column":2},"end":{"line":125,"column":3}},"34":{"start":{"line":96,"column":19},"end":{"line":96,"column":29}},"35":{"start":{"line":97,"column":27},"end":{"line":97,"column":62}},"36":{"start":{"line":99,"column":4},"end":{"line":101,"column":5}},"37":{"start":{"line":100,"column":6},"end":{"line":100,"column":78}},"38":{"start":{"line":104,"column":4},"end":{"line":110,"column":6}},"39":{"start":{"line":111,"column":24},"end":{"line":111,"column":88}},"40":{"start":{"line":114,"column":4},"end":{"line":120,"column":6}},"41":{"start":{"line":122,"column":4},"end":{"line":122,"column":27}},"42":{"start":{"line":124,"column":4},"end":{"line":124,"column":51}},"43":{"start":{"line":133,"column":85},"end":{"line":133,"column":37960}},"44":{"start":{"line":133,"column":89},"end":{"line":133,"column":37949}},"45":{"start":{"line":133,"column":38075},"end":{"line":133,"column":38081}},"46":{"start":{"line":133,"column":38196},"end":{"line":133,"column":38202}},"47":{"start":{"line":133,"column":38284},"end":{"line":133,"column":38290}},"48":{"start":{"line":133,"column":38375},"end":{"line":133,"column":38381}}},"fnMap":{"0":{"name":"(anonymous_0)","decl":{"start":{"line":14,"column":29},"end":{"line":14,"column":30}},"loc":{"start":{"line":14,"column":81},"end":{"line":50,"column":1}},"line":14},"1":{"name":"(anonymous_1)","decl":{"start":{"line":54,"column":29},"end":{"line":54,"column":30}},"loc":{"start":{"line":54,"column":68},"end":{"line":68,"column":1}},"line":54},"2":{"name":"(anonymous_2)","decl":{"start":{"line":70,"column":26},"end":{"line":70,"column":27}},"loc":{"start":{"line":70,"column":65},"end":{"line":83,"column":1}},"line":70},"3":{"name":"(anonymous_3)","decl":{"start":{"line":85,"column":27},"end":{"line":85,"column":28}},"loc":{"start":{"line":85,"column":66},"end":{"line":92,"column":1}},"line":85},"4":{"name":"(anonymous_4)","decl":{"start":{"line":94,"column":29},"end":{"line":94,"column":30}},"loc":{"start":{"line":94,"column":81},"end":{"line":126,"column":1}},"line":94},"5":{"name":"oo_cm","decl":{"start":{"line":133,"column":77},"end":{"line":133,"column":82}},"loc":{"start":{"line":133,"column":84},"end":{"line":133,"column":37961}},"line":133}},"branchMap":{"0":{"loc":{"start":{"line":22,"column":4},"end":{"line":24,"column":5}},"type":"if","locations":[{"start":{"line":22,"column":4},"end":{"line":24,"column":5}},{"start":{},"end":{}}],"line":22},"1":{"loc":{"start":{"line":59,"column":4},"end":{"line":61,"column":5}},"type":"if","locations":[{"start":{"line":59,"column":4},"end":{"line":61,"column":5}},{"start":{},"end":{}}],"line":59},"2":{"loc":{"start":{"line":75,"column":4},"end":{"line":77,"column":5}},"type":"if","locations":[{"start":{"line":75,"column":4},"end":{"line":77,"column":5}},{"start":{},"end":{}}],"line":75},"3":{"loc":{"start":{"line":99,"column":4},"end":{"line":101,"column":5}},"type":"if","locations":[{"start":{"line":99,"column":4},"end":{"line":101,"column":5}},{"start":{},"end":{}}],"line":99},"4":{"loc":{"start":{"line":133,"column":96},"end":{"line":133,"column":37948}},"type":"binary-expr","locations":[{"start":{"line":133,"column":96},"end":{"line":133,"column":133}},{"start":{"line":133,"column":137},"end":{"line":133,"column":37948}}],"line":133}},"s":{"0":1,"1":2,"2":2,"3":2,"4":2,"5":0,"6":2,"7":1,"8":1,"9":1,"10":1,"11":1,"12":1,"13":1,"14":1,"15":1,"16":0,"17":1,"18":0,"19":1,"20":1,"21":1,"22":1,"23":1,"24":0,"25":1,"26":0,"27":1,"28":1,"29":1,"30":1,"31":0,"32":1,"33":0,"34":0,"35":0,"36":0,"37":0,"38":0,"39":0,"40":0,"41":0,"42":0,"43":0,"44":0,"45":1,"46":1,"47":1,"48":1},"f":{"0":2,"1":1,"2":1,"3":1,"4":0,"5":0},"b":{"0":[0,2],"1":[0,1],"2":[0,1],"3":[0,0],"4":[0,0]},"_coverageSchema":"1a1c01bbd47fc00a2c39e90264f33305004495a9","hash":"b5e45d7624ccae0b2a3a54eaedcf1fcf3d92dca9"}
,"D:\\dev1\\prince\\andela-dev\\my-bland-be-clone2\\controllers\\message.controller.ts": {"path":"D:\\dev1\\prince\\andela-dev\\my-bland-be-clone2\\controllers\\message.controller.ts","statementMap":{"0":{"start":{"line":5,"column":29},"end":{"line":12,"column":1}},"1":{"start":{"line":6,"column":2},"end":{"line":11,"column":3}},"2":{"start":{"line":7,"column":20},"end":{"line":7,"column":50}},"3":{"start":{"line":8,"column":4},"end":{"line":8,"column":44}},"4":{"start":{"line":10,"column":4},"end":{"line":10,"column":51}},"5":{"start":{"line":15,"column":29},"end":{"line":28,"column":1}},"6":{"start":{"line":16,"column":2},"end":{"line":27,"column":3}},"7":{"start":{"line":17,"column":19},"end":{"line":17,"column":29}},"8":{"start":{"line":18,"column":20},"end":{"line":18,"column":80}},"9":{"start":{"line":20,"column":4},"end":{"line":22,"column":5}},"10":{"start":{"line":21,"column":6},"end":{"line":21,"column":77}},"11":{"start":{"line":24,"column":4},"end":{"line":24,"column":44}},"12":{"start":{"line":26,"column":4},"end":{"line":26,"column":51}},"13":{"start":{"line":31,"column":27},"end":{"line":38,"column":1}},"14":{"start":{"line":32,"column":2},"end":{"line":37,"column":3}},"15":{"start":{"line":33,"column":21},"end":{"line":33,"column":41}},"16":{"start":{"line":34,"column":4},"end":{"line":34,"column":68}},"17":{"start":{"line":36,"column":4},"end":{"line":36,"column":51}},"18":{"start":{"line":41,"column":26},"end":{"line":52,"column":1}},"19":{"start":{"line":42,"column":2},"end":{"line":51,"column":3}},"20":{"start":{"line":43,"column":20},"end":{"line":43,"column":57}},"21":{"start":{"line":45,"column":4},"end":{"line":47,"column":5}},"22":{"start":{"line":46,"column":6},"end":{"line":46,"column":88}},"23":{"start":{"line":48,"column":4},"end":{"line":48,"column":34}},"24":{"start":{"line":50,"column":4},"end":{"line":50,"column":51}},"25":{"start":{"line":55,"column":29},"end":{"line":69,"column":1}},"26":{"start":{"line":56,"column":2},"end":{"line":68,"column":3}},"27":{"start":{"line":57,"column":19},"end":{"line":57,"column":29}},"28":{"start":{"line":59,"column":20},"end":{"line":59,"column":46}},"29":{"start":{"line":60,"column":4},"end":{"line":62,"column":5}},"30":{"start":{"line":61,"column":6},"end":{"line":61,"column":77}},"31":{"start":{"line":63,"column":4},"end":{"line":63,"column":40}},"32":{"start":{"line":64,"column":4},"end":{"line":64,"column":66}},"33":{"start":{"line":67,"column":4},"end":{"line":67,"column":51}}},"fnMap":{"0":{"name":"(anonymous_0)","decl":{"start":{"line":5,"column":29},"end":{"line":5,"column":30}},"loc":{"start":{"line":5,"column":68},"end":{"line":12,"column":1}},"line":5},"1":{"name":"(anonymous_1)","decl":{"start":{"line":15,"column":29},"end":{"line":15,"column":30}},"loc":{"start":{"line":15,"column":88},"end":{"line":28,"column":1}},"line":15},"2":{"name":"(anonymous_2)","decl":{"start":{"line":31,"column":27},"end":{"line":31,"column":28}},"loc":{"start":{"line":31,"column":66},"end":{"line":38,"column":1}},"line":31},"3":{"name":"(anonymous_3)","decl":{"start":{"line":41,"column":26},"end":{"line":41,"column":27}},"loc":{"start":{"line":41,"column":85},"end":{"line":52,"column":1}},"line":41},"4":{"name":"(anonymous_4)","decl":{"start":{"line":55,"column":29},"end":{"line":55,"column":30}},"loc":{"start":{"line":55,"column":88},"end":{"line":69,"column":1}},"line":55}},"branchMap":{"0":{"loc":{"start":{"line":20,"column":4},"end":{"line":22,"column":5}},"type":"if","locations":[{"start":{"line":20,"column":4},"end":{"line":22,"column":5}},{"start":{},"end":{}}],"line":20},"1":{"loc":{"start":{"line":45,"column":4},"end":{"line":47,"column":5}},"type":"if","locations":[{"start":{"line":45,"column":4},"end":{"line":47,"column":5}},{"start":{},"end":{}}],"line":45},"2":{"loc":{"start":{"line":60,"column":4},"end":{"line":62,"column":5}},"type":"if","locations":[{"start":{"line":60,"column":4},"end":{"line":62,"column":5}},{"start":{},"end":{}}],"line":60}},"s":{"0":1,"1":2,"2":2,"3":1,"4":1,"5":1,"6":1,"7":1,"8":1,"9":1,"10":0,"11":1,"12":0,"13":1,"14":1,"15":1,"16":1,"17":0,"18":1,"19":1,"20":1,"21":1,"22":0,"23":1,"24":0,"25":1,"26":0,"27":0,"28":0,"29":0,"30":0,"31":0,"32":0,"33":0},"f":{"0":2,"1":1,"2":1,"3":1,"4":0},"b":{"0":[0,1],"1":[0,1],"2":[0,0]},"_coverageSchema":"1a1c01bbd47fc00a2c39e90264f33305004495a9","hash":"ec914ece077bd6869c2e6c291283b1df5dfd64ee"}
,"D:\\dev1\\prince\\andela-dev\\my-bland-be-clone2\\middlwares\\authMiddlewares.ts": {"path":"D:\\dev1\\prince\\andela-dev\\my-bland-be-clone2\\middlwares\\authMiddlewares.ts","statementMap":{"0":{"start":{"line":10,"column":29},"end":{"line":41,"column":1}},"1":{"start":{"line":12,"column":2},"end":{"line":14,"column":3}},"2":{"start":{"line":13,"column":4},"end":{"line":13,"column":52}},"3":{"start":{"line":16,"column":2},"end":{"line":18,"column":3}},"4":{"start":{"line":17,"column":4},"end":{"line":17,"column":104}},"5":{"start":{"line":20,"column":2},"end":{"line":40,"column":3}},"6":{"start":{"line":21,"column":20},"end":{"line":21,"column":89}},"7":{"start":{"line":24,"column":4},"end":{"line":34,"column":5}},"8":{"start":{"line":26,"column":19},"end":{"line":26,"column":50}},"9":{"start":{"line":28,"column":6},"end":{"line":30,"column":7}},"10":{"start":{"line":29,"column":8},"end":{"line":29,"column":100}},"11":{"start":{"line":32,"column":6},"end":{"line":32,"column":68}},"12":{"start":{"line":33,"column":6},"end":{"line":33,"column":13}},"13":{"start":{"line":36,"column":4},"end":{"line":38,"column":5}},"14":{"start":{"line":37,"column":6},"end":{"line":37,"column":67}},"15":{"start":{"line":39,"column":4},"end":{"line":39,"column":58}},"16":{"start":{"line":43,"column":25},"end":{"line":48,"column":1}},"17":{"start":{"line":43,"column":49},"end":{"line":48,"column":1}},"18":{"start":{"line":44,"column":2},"end":{"line":46,"column":3}},"19":{"start":{"line":45,"column":4},"end":{"line":45,"column":87}},"20":{"start":{"line":47,"column":2},"end":{"line":47,"column":9}},"21":{"start":{"line":50,"column":22},"end":{"line":50,"column":91}}},"fnMap":{"0":{"name":"(anonymous_0)","decl":{"start":{"line":10,"column":29},"end":{"line":10,"column":30}},"loc":{"start":{"line":10,"column":101},"end":{"line":41,"column":1}},"line":10},"1":{"name":"(anonymous_1)","decl":{"start":{"line":43,"column":25},"end":{"line":43,"column":26}},"loc":{"start":{"line":43,"column":49},"end":{"line":48,"column":1}},"line":43},"2":{"name":"(anonymous_2)","decl":{"start":{"line":43,"column":49},"end":{"line":43,"column":50}},"loc":{"start":{"line":43,"column":115},"end":{"line":48,"column":1}},"line":43},"3":{"name":"(anonymous_3)","decl":{"start":{"line":50,"column":22},"end":{"line":50,"column":23}},"loc":{"start":{"line":50,"column":88},"end":{"line":50,"column":91}},"line":50}},"branchMap":{"0":{"loc":{"start":{"line":12,"column":2},"end":{"line":14,"column":3}},"type":"if","locations":[{"start":{"line":12,"column":2},"end":{"line":14,"column":3}},{"start":{},"end":{}}],"line":12},"1":{"loc":{"start":{"line":12,"column":6},"end":{"line":12,"column":81}},"type":"binary-expr","locations":[{"start":{"line":12,"column":6},"end":{"line":12,"column":31}},{"start":{"line":12,"column":35},"end":{"line":12,"column":81}}],"line":12},"2":{"loc":{"start":{"line":16,"column":2},"end":{"line":18,"column":3}},"type":"if","locations":[{"start":{"line":16,"column":2},"end":{"line":18,"column":3}},{"start":{},"end":{}}],"line":16},"3":{"loc":{"start":{"line":24,"column":4},"end":{"line":34,"column":5}},"type":"if","locations":[{"start":{"line":24,"column":4},"end":{"line":34,"column":5}},{"start":{},"end":{}}],"line":24},"4":{"loc":{"start":{"line":28,"column":6},"end":{"line":30,"column":7}},"type":"if","locations":[{"start":{"line":28,"column":6},"end":{"line":30,"column":7}},{"start":{},"end":{}}],"line":28},"5":{"loc":{"start":{"line":36,"column":4},"end":{"line":38,"column":5}},"type":"if","locations":[{"start":{"line":36,"column":4},"end":{"line":38,"column":5}},{"start":{},"end":{}}],"line":36},"6":{"loc":{"start":{"line":44,"column":2},"end":{"line":46,"column":3}},"type":"if","locations":[{"start":{"line":44,"column":2},"end":{"line":46,"column":3}},{"start":{},"end":{}}],"line":44},"7":{"loc":{"start":{"line":44,"column":6},"end":{"line":44,"column":67}},"type":"binary-expr","locations":[{"start":{"line":44,"column":6},"end":{"line":44,"column":15}},{"start":{"line":44,"column":19},"end":{"line":44,"column":33}},{"start":{"line":44,"column":37},"end":{"line":44,"column":67}}],"line":44}},"s":{"0":1,"1":14,"2":9,"3":14,"4":5,"5":9,"6":9,"7":9,"8":9,"9":9,"10":0,"11":9,"12":9,"13":0,"14":0,"15":0,"16":1,"17":10,"18":7,"19":0,"20":7,"21":1},"f":{"0":14,"1":10,"2":7,"3":0},"b":{"0":[9,5],"1":[14,9],"2":[5,9],"3":[9,0],"4":[0,9],"5":[0,0],"6":[0,7],"7":[7,7,7]},"_coverageSchema":"1a1c01bbd47fc00a2c39e90264f33305004495a9","hash":"4e6086b182e3d6f25fed329131d699d032d78fa5"}
,"D:\\dev1\\prince\\andela-dev\\my-bland-be-clone2\\model\\Blog.ts": {"path":"D:\\dev1\\prince\\andela-dev\\my-bland-be-clone2\\model\\Blog.ts","statementMap":{"0":{"start":{"line":16,"column":27},"end":{"line":70,"column":1}},"1":{"start":{"line":72,"column":27},"end":{"line":72,"column":68}}},"fnMap":{},"branchMap":{},"s":{"0":1,"1":1},"f":{},"b":{},"_coverageSchema":"1a1c01bbd47fc00a2c39e90264f33305004495a9","hash":"1e0f0e7a0aa7c43e8ca31e7fea106d75b4d882fe"}
,"D:\\dev1\\prince\\andela-dev\\my-bland-be-clone2\\model\\Comment.ts": {"path":"D:\\dev1\\prince\\andela-dev\\my-bland-be-clone2\\model\\Comment.ts","statementMap":{"0":{"start":{"line":9,"column":30},"end":{"line":25,"column":1}},"1":{"start":{"line":27,"column":33},"end":{"line":27,"column":83}}},"fnMap":{},"branchMap":{},"s":{"0":1,"1":1},"f":{},"b":{},"_coverageSchema":"1a1c01bbd47fc00a2c39e90264f33305004495a9","hash":"1b359f14ebbe5ac50b34310e00911af9d9bbc673"}
,"D:\\dev1\\prince\\andela-dev\\my-bland-be-clone2\\model\\Message.ts": {"path":"D:\\dev1\\prince\\andela-dev\\my-bland-be-clone2\\model\\Message.ts","statementMap":{"0":{"start":{"line":10,"column":30},"end":{"line":30,"column":1}},"1":{"start":{"line":32,"column":0},"end":{"line":34,"column":3}},"2":{"start":{"line":33,"column":2},"end":{"line":33,"column":9}},"3":{"start":{"line":36,"column":16},"end":{"line":36,"column":56}}},"fnMap":{"0":{"name":"(anonymous_0)","decl":{"start":{"line":32,"column":36},"end":{"line":32,"column":37}},"loc":{"start":{"line":32,"column":58},"end":{"line":34,"column":1}},"line":32}},"branchMap":{},"s":{"0":1,"1":1,"2":2,"3":1},"f":{"0":2},"b":{},"_coverageSchema":"1a1c01bbd47fc00a2c39e90264f33305004495a9","hash":"3a1a002c1cb415a56928c9ec639bf415894af773"}
,"D:\\dev1\\prince\\andela-dev\\my-bland-be-clone2\\model\\User.ts": {"path":"D:\\dev1\\prince\\andela-dev\\my-bland-be-clone2\\model\\User.ts","statementMap":{"0":{"start":{"line":15,"column":27},"end":{"line":62,"column":1}},"1":{"start":{"line":64,"column":0},"end":{"line":68,"column":3}},"2":{"start":{"line":65,"column":15},"end":{"line":65,"column":37}},"3":{"start":{"line":66,"column":2},"end":{"line":66,"column":57}},"4":{"start":{"line":67,"column":2},"end":{"line":67,"column":9}},"5":{"start":{"line":70,"column":13},"end":{"line":70,"column":47}}},"fnMap":{"0":{"name":"(anonymous_0)","decl":{"start":{"line":64,"column":30},"end":{"line":64,"column":31}},"loc":{"start":{"line":64,"column":52},"end":{"line":68,"column":1}},"line":64}},"branchMap":{},"s":{"0":1,"1":1,"2":1,"3":1,"4":1,"5":1},"f":{"0":1},"b":{},"_coverageSchema":"1a1c01bbd47fc00a2c39e90264f33305004495a9","hash":"ceb50f519c8ecd1c0798ed9b92c30f7c2a5a7fb8"}
,"D:\\dev1\\prince\\andela-dev\\my-bland-be-clone2\\routes\\auth.route.ts": {"path":"D:\\dev1\\prince\\andela-dev\\my-bland-be-clone2\\routes\\auth.route.ts","statementMap":{"0":{"start":{"line":5,"column":15},"end":{"line":5,"column":31}},"1":{"start":{"line":7,"column":0},"end":{"line":7,"column":48}},"2":{"start":{"line":9,"column":0},"end":{"line":9,"column":45}}},"fnMap":{},"branchMap":{},"s":{"0":1,"1":1,"2":1},"f":{},"b":{},"_coverageSchema":"1a1c01bbd47fc00a2c39e90264f33305004495a9","hash":"96183f207b26e8cdc516f6a89d960bd52a94ca81"}
,"D:\\dev1\\prince\\andela-dev\\my-bland-be-clone2\\routes\\blog.route.ts": {"path":"D:\\dev1\\prince\\andela-dev\\my-bland-be-clone2\\routes\\blog.route.ts","statementMap":{"0":{"start":{"line":6,"column":15},"end":{"line":6,"column":31}},"1":{"start":{"line":8,"column":81},"end":{"line":8,"column":122}},"2":{"start":{"line":15,"column":4},"end":{"line":15,"column":48}},"3":{"start":{"line":18,"column":0},"end":{"line":18,"column":85}},"4":{"start":{"line":22,"column":0},"end":{"line":28,"column":2}},"5":{"start":{"line":32,"column":0},"end":{"line":32,"column":26}},"6":{"start":{"line":35,"column":0},"end":{"line":36,"column":19}},"7":{"start":{"line":39,"column":0},"end":{"line":44,"column":2}},"8":{"start":{"line":52,"column":0},"end":{"line":52,"column":49}},"9":{"start":{"line":55,"column":0},"end":{"line":55,"column":55}}},"fnMap":{},"branchMap":{},"s":{"0":1,"1":1,"2":1,"3":1,"4":1,"5":1,"6":1,"7":1,"8":1,"9":1},"f":{},"b":{},"_coverageSchema":"1a1c01bbd47fc00a2c39e90264f33305004495a9","hash":"56c646aee745ef9db1c5874eac08bdb1dbaa66bf"}
,"D:\\dev1\\prince\\andela-dev\\my-bland-be-clone2\\routes\\comment.route.ts": {"path":"D:\\dev1\\prince\\andela-dev\\my-bland-be-clone2\\routes\\comment.route.ts","statementMap":{"0":{"start":{"line":2,"column":15},"end":{"line":2,"column":31}},"1":{"start":{"line":10,"column":4},"end":{"line":10,"column":48}},"2":{"start":{"line":15,"column":0},"end":{"line":15,"column":81}},"3":{"start":{"line":19,"column":0},"end":{"line":24,"column":2}},"4":{"start":{"line":26,"column":0},"end":{"line":31,"column":2}},"5":{"start":{"line":34,"column":0},"end":{"line":34,"column":31}},"6":{"start":{"line":37,"column":0},"end":{"line":37,"column":29}}},"fnMap":{},"branchMap":{},"s":{"0":1,"1":1,"2":1,"3":1,"4":1,"5":1,"6":1},"f":{},"b":{},"_coverageSchema":"1a1c01bbd47fc00a2c39e90264f33305004495a9","hash":"70dd4d36273296d72e74185896ba26a41dc11726"}
,"D:\\dev1\\prince\\andela-dev\\my-bland-be-clone2\\routes\\message.route.ts": {"path":"D:\\dev1\\prince\\andela-dev\\my-bland-be-clone2\\routes\\message.route.ts","statementMap":{"0":{"start":{"line":2,"column":15},"end":{"line":2,"column":31}},"1":{"start":{"line":4,"column":76},"end":{"line":4,"column":120}},"2":{"start":{"line":11,"column":4},"end":{"line":11,"column":51}},"3":{"start":{"line":14,"column":0},"end":{"line":14,"column":50}},"4":{"start":{"line":17,"column":0},"end":{"line":23,"column":2}},"5":{"start":{"line":27,"column":0},"end":{"line":28,"column":32}},"6":{"start":{"line":31,"column":0},"end":{"line":33,"column":34}},"7":{"start":{"line":36,"column":0},"end":{"line":41,"column":2}}},"fnMap":{},"branchMap":{},"s":{"0":1,"1":1,"2":1,"3":1,"4":1,"5":1,"6":1,"7":1},"f":{},"b":{},"_coverageSchema":"1a1c01bbd47fc00a2c39e90264f33305004495a9","hash":"ab2fc1412b49d71d15cba54063a0ffdafc3095e0"}
,"D:\\dev1\\prince\\andela-dev\\my-bland-be-clone2\\utils\\generateToken.ts": {"path":"D:\\dev1\\prince\\andela-dev\\my-bland-be-clone2\\utils\\generateToken.ts","statementMap":{"0":{"start":{"line":4,"column":0},"end":{"line":4,"column":9}},"1":{"start":{"line":6,"column":27},"end":{"line":8,"column":1}},"2":{"start":{"line":7,"column":2},"end":{"line":7,"column":81}}},"fnMap":{"0":{"name":"(anonymous_0)","decl":{"start":{"line":6,"column":27},"end":{"line":6,"column":28}},"loc":{"start":{"line":6,"column":48},"end":{"line":8,"column":1}},"line":6}},"branchMap":{},"s":{"0":1,"1":1,"2":2},"f":{"0":2},"b":{},"_coverageSchema":"1a1c01bbd47fc00a2c39e90264f33305004495a9","hash":"80e3354cef699b0652f3dfdc601bf38ef00f971b"}
,"D:\\dev1\\prince\\andela-dev\\my-bland-be-clone2\\utils\\server.ts": {"path":"D:\\dev1\\prince\\andela-dev\\my-bland-be-clone2\\utils\\server.ts","statementMap":{"0":{"start":{"line":8,"column":30},"end":{"line":8,"column":39}},"1":{"start":{"line":9,"column":0},"end":{"line":9,"column":24}},"2":{"start":{"line":10,"column":0},"end":{"line":10,"column":33}},"3":{"start":{"line":11,"column":0},"end":{"line":11,"column":34}},"4":{"start":{"line":12,"column":0},"end":{"line":12,"column":40}},"5":{"start":{"line":13,"column":0},"end":{"line":13,"column":40}},"6":{"start":{"line":14,"column":0},"end":{"line":14,"column":11}}},"fnMap":{"0":{"name":"createServer","decl":{"start":{"line":7,"column":9},"end":{"line":7,"column":21}},"loc":{"start":{"line":7,"column":23},"end":{"line":15,"column":1}},"line":7}},"branchMap":{},"s":{"0":1,"1":1,"2":1,"3":1,"4":1,"5":1,"6":1},"f":{"0":1},"b":{},"_coverageSchema":"1a1c01bbd47fc00a2c39e90264f33305004495a9","hash":"2d3afb22b82c2fb692774141036754337b45422d"}
,"D:\\dev1\\prince\\andela-dev\\my-bland-be-clone2\\utils\\validMongodbObjectid.ts": {"path":"D:\\dev1\\prince\\andela-dev\\my-bland-be-clone2\\utils\\validMongodbObjectid.ts","statementMap":{"0":{"start":{"line":4,"column":2},"end":{"line":7,"column":3}},"1":{"start":{"line":5,"column":4},"end":{"line":5,"column":59}},"2":{"start":{"line":5,"column":47},"end":{"line":5,"column":59}},"3":{"start":{"line":6,"column":4},"end":{"line":6,"column":17}},"4":{"start":{"line":8,"column":2},"end":{"line":8,"column":15}}},"fnMap":{"0":{"name":"isValidObjectId","decl":{"start":{"line":3,"column":9},"end":{"line":3,"column":24}},"loc":{"start":{"line":3,"column":46},"end":{"line":9,"column":1}},"line":3}},"branchMap":{"0":{"loc":{"start":{"line":4,"column":2},"end":{"line":7,"column":3}},"type":"if","locations":[{"start":{"line":4,"column":2},"end":{"line":7,"column":3}},{"start":{},"end":{}}],"line":4},"1":{"loc":{"start":{"line":5,"column":4},"end":{"line":5,"column":59}},"type":"if","locations":[{"start":{"line":5,"column":4},"end":{"line":5,"column":59}},{"start":{},"end":{}}],"line":5}},"s":{"0":0,"1":0,"2":0,"3":0,"4":0},"f":{"0":0},"b":{"0":[0,0],"1":[0,0]},"_coverageSchema":"1a1c01bbd47fc00a2c39e90264f33305004495a9","hash":"24a51df3d78d1a31829564dcaee8d309b6441888"}
,"D:\\dev1\\prince\\andela-dev\\my-bland-be-clone2\\utils\\validators\\authValidator.ts": {"path":"D:\\dev1\\prince\\andela-dev\\my-bland-be-clone2\\utils\\validators\\authValidator.ts","statementMap":{"0":{"start":{"line":5,"column":21},"end":{"line":59,"column":2}},"1":{"start":{"line":34,"column":6},"end":{"line":42,"column":7}},"2":{"start":{"line":35,"column":21},"end":{"line":35,"column":57}},"3":{"start":{"line":36,"column":8},"end":{"line":38,"column":9}},"4":{"start":{"line":37,"column":10},"end":{"line":37,"column":81}},"5":{"start":{"line":39,"column":8},"end":{"line":39,"column":21}},"6":{"start":{"line":41,"column":8},"end":{"line":41,"column":31}},"7":{"start":{"line":61,"column":20},"end":{"line":78,"column":2}},"8":{"start":{"line":80,"column":31},"end":{"line":86,"column":1}},"9":{"start":{"line":81,"column":49},"end":{"line":81,"column":80}},"10":{"start":{"line":82,"column":2},"end":{"line":84,"column":3}},"11":{"start":{"line":83,"column":4},"end":{"line":83,"column":69}},"12":{"start":{"line":85,"column":2},"end":{"line":85,"column":9}},"13":{"start":{"line":88,"column":30},"end":{"line":94,"column":1}},"14":{"start":{"line":89,"column":49},"end":{"line":89,"column":79}},"15":{"start":{"line":90,"column":2},"end":{"line":92,"column":3}},"16":{"start":{"line":91,"column":4},"end":{"line":91,"column":69}},"17":{"start":{"line":93,"column":2},"end":{"line":93,"column":9}}},"fnMap":{"0":{"name":"(anonymous_0)","decl":{"start":{"line":33,"column":12},"end":{"line":33,"column":13}},"loc":{"start":{"line":33,"column":38},"end":{"line":43,"column":5}},"line":33},"1":{"name":"(anonymous_1)","decl":{"start":{"line":80,"column":31},"end":{"line":80,"column":32}},"loc":{"start":{"line":80,"column":84},"end":{"line":86,"column":1}},"line":80},"2":{"name":"(anonymous_2)","decl":{"start":{"line":88,"column":30},"end":{"line":88,"column":31}},"loc":{"start":{"line":88,"column":83},"end":{"line":94,"column":1}},"line":88}},"branchMap":{"0":{"loc":{"start":{"line":36,"column":8},"end":{"line":38,"column":9}},"type":"if","locations":[{"start":{"line":36,"column":8},"end":{"line":38,"column":9}},{"start":{},"end":{}}],"line":36},"1":{"loc":{"start":{"line":82,"column":2},"end":{"line":84,"column":3}},"type":"if","locations":[{"start":{"line":82,"column":2},"end":{"line":84,"column":3}},{"start":{},"end":{}}],"line":82},"2":{"loc":{"start":{"line":90,"column":2},"end":{"line":92,"column":3}},"type":"if","locations":[{"start":{"line":90,"column":2},"end":{"line":92,"column":3}},{"start":{},"end":{}}],"line":90}},"s":{"0":1,"1":1,"2":1,"3":1,"4":0,"5":1,"6":0,"7":1,"8":1,"9":1,"10":1,"11":0,"12":1,"13":1,"14":2,"15":2,"16":0,"17":2},"f":{"0":1,"1":1,"2":2},"b":{"0":[0,1],"1":[0,1],"2":[0,2]},"_coverageSchema":"1a1c01bbd47fc00a2c39e90264f33305004495a9","hash":"20a60fc6c14dbfd28097e42e0b592b4fefd65596"}
,"D:\\dev1\\prince\\andela-dev\\my-bland-be-clone2\\utils\\validators\\blogValidator.ts": {"path":"D:\\dev1\\prince\\andela-dev\\my-bland-be-clone2\\utils\\validators\\blogValidator.ts","statementMap":{"0":{"start":{"line":13,"column":49},"end":{"line":48,"column":1}},"1":{"start":{"line":14,"column":17},"end":{"line":41,"column":4}},"2":{"start":{"line":43,"column":20},"end":{"line":43,"column":68}},"3":{"start":{"line":44,"column":2},"end":{"line":46,"column":3}},"4":{"start":{"line":45,"column":4},"end":{"line":45,"column":67}},"5":{"start":{"line":45,"column":54},"end":{"line":45,"column":65}},"6":{"start":{"line":47,"column":2},"end":{"line":47,"column":9}},"7":{"start":{"line":51,"column":49},"end":{"line":96,"column":1}},"8":{"start":{"line":52,"column":17},"end":{"line":89,"column":4}},"9":{"start":{"line":57,"column":8},"end":{"line":59,"column":9}},"10":{"start":{"line":58,"column":10},"end":{"line":58,"column":52}},"11":{"start":{"line":60,"column":8},"end":{"line":60,"column":21}},"12":{"start":{"line":91,"column":20},"end":{"line":91,"column":68}},"13":{"start":{"line":92,"column":2},"end":{"line":94,"column":3}},"14":{"start":{"line":93,"column":4},"end":{"line":93,"column":67}},"15":{"start":{"line":93,"column":54},"end":{"line":93,"column":65}},"16":{"start":{"line":95,"column":2},"end":{"line":95,"column":9}}},"fnMap":{"0":{"name":"(anonymous_0)","decl":{"start":{"line":13,"column":49},"end":{"line":13,"column":50}},"loc":{"start":{"line":13,"column":98},"end":{"line":48,"column":1}},"line":13},"1":{"name":"(anonymous_1)","decl":{"start":{"line":45,"column":45},"end":{"line":45,"column":46}},"loc":{"start":{"line":45,"column":54},"end":{"line":45,"column":65}},"line":45},"2":{"name":"(anonymous_2)","decl":{"start":{"line":51,"column":49},"end":{"line":51,"column":50}},"loc":{"start":{"line":51,"column":98},"end":{"line":96,"column":1}},"line":51},"3":{"name":"(anonymous_3)","decl":{"start":{"line":56,"column":14},"end":{"line":56,"column":15}},"loc":{"start":{"line":56,"column":34},"end":{"line":61,"column":7}},"line":56},"4":{"name":"(anonymous_4)","decl":{"start":{"line":93,"column":45},"end":{"line":93,"column":46}},"loc":{"start":{"line":93,"column":54},"end":{"line":93,"column":65}},"line":93}},"branchMap":{"0":{"loc":{"start":{"line":44,"column":2},"end":{"line":46,"column":3}},"type":"if","locations":[{"start":{"line":44,"column":2},"end":{"line":46,"column":3}},{"start":{},"end":{}}],"line":44},"1":{"loc":{"start":{"line":57,"column":8},"end":{"line":59,"column":9}},"type":"if","locations":[{"start":{"line":57,"column":8},"end":{"line":59,"column":9}},{"start":{},"end":{}}],"line":57},"2":{"loc":{"start":{"line":92,"column":2},"end":{"line":94,"column":3}},"type":"if","locations":[{"start":{"line":92,"column":2},"end":{"line":94,"column":3}},{"start":{},"end":{}}],"line":92}},"s":{"0":1,"1":0,"2":0,"3":0,"4":0,"5":0,"6":0,"7":1,"8":1,"9":0,"10":0,"11":0,"12":1,"13":1,"14":1,"15":2,"16":1},"f":{"0":0,"1":0,"2":1,"3":0,"4":2},"b":{"0":[0,0],"1":[0,0],"2":[1,0]},"_coverageSchema":"1a1c01bbd47fc00a2c39e90264f33305004495a9","hash":"af5756c8c2505730a019491c93eef3094011dc1a"}
,"D:\\dev1\\prince\\andela-dev\\my-bland-be-clone2\\utils\\validators\\messageValidator.ts": {"path":"D:\\dev1\\prince\\andela-dev\\my-bland-be-clone2\\utils\\validators\\messageValidator.ts","statementMap":{"0":{"start":{"line":5,"column":22},"end":{"line":36,"column":2}},"1":{"start":{"line":39,"column":32},"end":{"line":45,"column":1}},"2":{"start":{"line":40,"column":49},"end":{"line":40,"column":81}},"3":{"start":{"line":41,"column":2},"end":{"line":43,"column":3}},"4":{"start":{"line":42,"column":4},"end":{"line":42,"column":69}},"5":{"start":{"line":44,"column":2},"end":{"line":44,"column":9}}},"fnMap":{"0":{"name":"(anonymous_0)","decl":{"start":{"line":39,"column":32},"end":{"line":39,"column":33}},"loc":{"start":{"line":39,"column":85},"end":{"line":45,"column":1}},"line":39}},"branchMap":{"0":{"loc":{"start":{"line":41,"column":2},"end":{"line":43,"column":3}},"type":"if","locations":[{"start":{"line":41,"column":2},"end":{"line":43,"column":3}},{"start":{},"end":{}}],"line":41}},"s":{"0":1,"1":1,"2":4,"3":4,"4":1,"5":3},"f":{"0":4},"b":{"0":[1,3]},"_coverageSchema":"1a1c01bbd47fc00a2c39e90264f33305004495a9","hash":"71b4b9a47ff3101d9aa8a854e399c40550572795"}
}
