TN:
SF:config\multer.ts
FN:7,(anonymous_0)
FN:10,(anonymous_1)
FN:15,(anonymous_2)
FNF:3
FNH:0
FNDA:0,(anonymous_0)
FNDA:0,(anonymous_1)
FNDA:0,(anonymous_2)
DA:6,1
DA:8,0
DA:11,0
DA:15,1
DA:16,0
DA:17,0
DA:18,0
DA:19,0
DA:21,0
DA:24,1
DA:26,1
LF:11
LH:4
BRDA:17,0,0,0
BRDA:17,0,1,0
BRDA:17,1,0,0
BRDA:17,1,1,0
BRDA:17,1,2,0
BRF:5
BRH:0
end_of_record
TN:
SF:controllers\Auth.controller.ts
FN:7,(anonymous_0)
FN:36,(anonymous_1)
FNF:2
FNH:2
FNDA:1,(anonymous_0)
FNDA:2,(anonymous_1)
DA:7,1
DA:8,1
DA:10,1
DA:12,1
DA:14,1
DA:15,1
DA:17,0
DA:20,1
DA:28,1
DA:30,1
DA:32,0
DA:36,1
DA:37,2
DA:39,2
DA:42,2
DA:43,1
DA:47,1
DA:50,1
DA:53,1
DA:55,0
LF:20
LH:17
BRDA:15,0,0,0
BRDA:15,0,1,1
BRDA:42,1,0,1
BRDA:42,1,1,1
BRDA:42,2,0,2
BRDA:42,2,1,2
BRF:6
BRH:5
end_of_record
TN:
SF:controllers\blog.controller.ts
FN:15,(anonymous_0)
FN:18,(anonymous_1)
FN:65,(anonymous_2)
FN:120,(anonymous_3)
FN:129,(anonymous_4)
FN:143,(anonymous_5)
FN:168,(anonymous_6)
FN:184,(anonymous_7)
FN:201,(anonymous_8)
FN:216,(anonymous_9)
FNF:10
FNH:7
FNDA:0,(anonymous_0)
FNDA:0,(anonymous_1)
FNDA:1,(anonymous_2)
FNDA:2,(anonymous_3)
FNDA:2,(anonymous_4)
FNDA:0,(anonymous_5)
FNDA:1,(anonymous_6)
FNDA:2,(anonymous_7)
FNDA:1,(anonymous_8)
FNDA:1,(anonymous_9)
DA:15,1
DA:16,0
DA:18,0
DA:19,0
DA:21,0
DA:24,0
DA:26,0
DA:27,0
DA:31,0
DA:32,0
DA:33,0
DA:36,0
DA:45,0
DA:48,0
DA:54,0
DA:56,0
DA:60,0
DA:65,1
DA:66,1
DA:67,1
DA:68,1
DA:70,1
DA:71,0
DA:74,1
DA:75,0
DA:79,1
DA:81,0
DA:82,0
DA:85,0
DA:87,0
DA:91,0
DA:92,0
DA:96,1
DA:97,1
DA:102,1
DA:103,0
DA:105,1
DA:106,0
DA:111,1
DA:113,1
DA:115,0
DA:120,1
DA:121,2
DA:122,2
DA:123,2
DA:125,0
DA:129,1
DA:130,2
DA:131,2
DA:133,2
DA:134,1
DA:136,1
DA:138,0
DA:143,1
DA:144,0
DA:145,0
DA:147,0
DA:148,0
DA:149,0
DA:153,0
DA:156,0
DA:158,0
DA:160,0
DA:168,1
DA:169,1
DA:170,1
DA:171,1
DA:173,1
DA:174,0
DA:178,1
DA:179,0
DA:183,1
DA:184,2
DA:188,1
DA:189,1
DA:191,1
DA:193,0
DA:201,1
DA:202,1
DA:203,1
DA:204,1
DA:206,1
DA:207,0
DA:210,1
DA:211,0
DA:215,1
DA:216,1
DA:220,1
DA:221,1
DA:223,1
DA:225,0
LF:91
LH:47
BRDA:19,0,0,0
BRDA:19,0,1,0
BRDA:26,1,0,0
BRDA:26,1,1,0
BRDA:26,2,0,0
BRDA:26,2,1,0
BRDA:70,3,0,0
BRDA:70,3,1,1
BRDA:74,4,0,0
BRDA:74,4,1,1
BRDA:79,5,0,0
BRDA:79,5,1,1
BRDA:85,6,0,0
BRDA:85,6,1,0
BRDA:96,7,0,1
BRDA:96,7,1,0
BRDA:102,8,0,0
BRDA:102,8,1,1
BRDA:105,9,0,0
BRDA:105,9,1,1
BRDA:133,10,0,1
BRDA:133,10,1,1
BRDA:148,11,0,0
BRDA:148,11,1,0
BRDA:173,12,0,0
BRDA:173,12,1,1
BRDA:178,13,0,0
BRDA:178,13,1,1
BRDA:183,14,0,1
BRDA:183,14,1,0
BRDA:206,15,0,0
BRDA:206,15,1,1
BRDA:210,16,0,0
BRDA:210,16,1,1
BRDA:215,17,0,1
BRDA:215,17,1,0
BRF:36
BRH:14
end_of_record
TN:
SF:controllers\comment.controller.ts
FN:14,(anonymous_0)
FN:54,(anonymous_1)
FN:70,(anonymous_2)
FN:85,(anonymous_3)
FN:94,(anonymous_4)
FN:133,oo_cm
FNF:6
FNH:4
FNDA:2,(anonymous_0)
FNDA:1,(anonymous_1)
FNDA:1,(anonymous_2)
FNDA:1,(anonymous_3)
FNDA:0,(anonymous_4)
FNDA:0,oo_cm
DA:14,1
DA:15,2
DA:16,2
DA:19,2
DA:22,2
DA:23,0
DA:26,2
DA:29,1
DA:38,1
DA:46,1
DA:48,1
DA:54,1
DA:55,1
DA:56,1
DA:57,1
DA:59,1
DA:60,0
DA:64,1
DA:66,0
DA:70,1
DA:71,1
DA:72,1
DA:73,1
DA:75,1
DA:76,0
DA:79,1
DA:81,0
DA:85,1
DA:86,1
DA:87,1
DA:88,1
DA:90,0
DA:94,1
DA:95,0
DA:96,0
DA:97,0
DA:99,0
DA:100,0
DA:104,0
DA:111,0
DA:114,0
DA:122,0
DA:124,0
DA:133,1
LF:44
LH:28
BRDA:22,0,0,0
BRDA:22,0,1,2
BRDA:59,1,0,0
BRDA:59,1,1,1
BRDA:75,2,0,0
BRDA:75,2,1,1
BRDA:99,3,0,0
BRDA:99,3,1,0
BRDA:133,4,0,0
BRDA:133,4,1,0
BRF:10
BRH:3
end_of_record
TN:
SF:controllers\message.controller.ts
FN:5,(anonymous_0)
FN:15,(anonymous_1)
FN:31,(anonymous_2)
FN:41,(anonymous_3)
FN:55,(anonymous_4)
FNF:5
FNH:4
FNDA:2,(anonymous_0)
FNDA:1,(anonymous_1)
FNDA:1,(anonymous_2)
FNDA:1,(anonymous_3)
FNDA:0,(anonymous_4)
DA:5,1
DA:6,2
DA:7,2
DA:8,1
DA:10,1
DA:15,1
DA:16,1
DA:17,1
DA:18,1
DA:20,1
DA:21,0
DA:24,1
DA:26,0
DA:31,1
DA:32,1
DA:33,1
DA:34,1
DA:36,0
DA:41,1
DA:42,1
DA:43,1
DA:45,1
DA:46,0
DA:48,1
DA:50,0
DA:55,1
DA:56,0
DA:57,0
DA:59,0
DA:60,0
DA:61,0
DA:63,0
DA:64,0
DA:67,0
LF:34
LH:21
BRDA:20,0,0,0
BRDA:20,0,1,1
BRDA:45,1,0,0
BRDA:45,1,1,1
BRDA:60,2,0,0
BRDA:60,2,1,0
BRF:6
BRH:2
end_of_record
TN:
SF:middlwares\authMiddlewares.ts
FN:10,(anonymous_0)
FN:43,(anonymous_1)
FN:43,(anonymous_2)
FN:50,(anonymous_3)
FNF:4
FNH:3
FNDA:14,(anonymous_0)
FNDA:10,(anonymous_1)
FNDA:7,(anonymous_2)
FNDA:0,(anonymous_3)
DA:10,1
DA:12,14
DA:13,9
DA:16,14
DA:17,5
DA:20,9
DA:21,9
DA:24,9
DA:26,9
DA:28,9
DA:29,0
DA:32,9
DA:33,9
DA:36,0
DA:37,0
DA:39,0
DA:43,10
DA:44,7
DA:45,0
DA:47,7
DA:50,1
LF:21
LH:16
BRDA:12,0,0,9
BRDA:12,0,1,5
BRDA:12,1,0,14
BRDA:12,1,1,9
BRDA:16,2,0,5
BRDA:16,2,1,9
BRDA:24,3,0,9
BRDA:24,3,1,0
BRDA:28,4,0,0
BRDA:28,4,1,9
BRDA:36,5,0,0
BRDA:36,5,1,0
BRDA:44,6,0,0
BRDA:44,6,1,7
BRDA:44,7,0,7
BRDA:44,7,1,7
BRDA:44,7,2,7
BRF:17
BRH:12
end_of_record
TN:
SF:model\Blog.ts
FNF:0
FNH:0
DA:16,1
DA:72,1
LF:2
LH:2
BRF:0
BRH:0
end_of_record
TN:
SF:model\Comment.ts
FNF:0
FNH:0
DA:9,1
DA:27,1
LF:2
LH:2
BRF:0
BRH:0
end_of_record
TN:
SF:model\Message.ts
FN:32,(anonymous_0)
FNF:1
FNH:1
FNDA:2,(anonymous_0)
DA:10,1
DA:32,1
DA:33,2
DA:36,1
LF:4
LH:4
BRF:0
BRH:0
end_of_record
TN:
SF:model\User.ts
FN:64,(anonymous_0)
FNF:1
FNH:1
FNDA:1,(anonymous_0)
DA:15,1
DA:64,1
DA:65,1
DA:66,1
DA:67,1
DA:70,1
LF:6
LH:6
BRF:0
BRH:0
end_of_record
TN:
SF:routes\auth.route.ts
FNF:0
FNH:0
DA:5,1
DA:7,1
DA:9,1
LF:3
LH:3
BRF:0
BRH:0
end_of_record
TN:
SF:routes\blog.route.ts
FNF:0
FNH:0
DA:6,1
DA:8,1
DA:15,1
DA:18,1
DA:22,1
DA:32,1
DA:35,1
DA:39,1
DA:52,1
DA:55,1
LF:10
LH:10
BRF:0
BRH:0
end_of_record
TN:
SF:routes\comment.route.ts
FNF:0
FNH:0
DA:2,1
DA:10,1
DA:15,1
DA:19,1
DA:26,1
DA:34,1
DA:37,1
LF:7
LH:7
BRF:0
BRH:0
end_of_record
TN:
SF:routes\message.route.ts
FNF:0
FNH:0
DA:2,1
DA:4,1
DA:11,1
DA:14,1
DA:17,1
DA:27,1
DA:31,1
DA:36,1
LF:8
LH:8
BRF:0
BRH:0
end_of_record
TN:
SF:utils\generateToken.ts
FN:6,(anonymous_0)
FNF:1
FNH:1
FNDA:2,(anonymous_0)
DA:4,1
DA:6,1
DA:7,2
LF:3
LH:3
BRF:0
BRH:0
end_of_record
TN:
SF:utils\server.ts
FN:7,createServer
FNF:1
FNH:1
FNDA:1,createServer
DA:8,1
DA:9,1
DA:10,1
DA:11,1
DA:12,1
DA:13,1
DA:14,1
LF:7
LH:7
BRF:0
BRH:0
end_of_record
TN:
SF:utils\validMongodbObjectid.ts
FN:3,isValidObjectId
FNF:1
FNH:0
FNDA:0,isValidObjectId
DA:4,0
DA:5,0
DA:6,0
DA:8,0
LF:4
LH:0
BRDA:4,0,0,0
BRDA:4,0,1,0
BRDA:5,1,0,0
BRDA:5,1,1,0
BRF:4
BRH:0
end_of_record
TN:
SF:utils\validators\authValidator.ts
FN:33,(anonymous_0)
FN:80,(anonymous_1)
FN:88,(anonymous_2)
FNF:3
FNH:3
FNDA:1,(anonymous_0)
FNDA:1,(anonymous_1)
FNDA:2,(anonymous_2)
DA:5,1
DA:34,1
DA:35,1
DA:36,1
DA:37,0
DA:39,1
DA:41,0
DA:61,1
DA:80,1
DA:81,1
DA:82,1
DA:83,0
DA:85,1
DA:88,1
DA:89,2
DA:90,2
DA:91,0
DA:93,2
LF:18
LH:14
BRDA:36,0,0,0
BRDA:36,0,1,1
BRDA:82,1,0,0
BRDA:82,1,1,1
BRDA:90,2,0,0
BRDA:90,2,1,2
BRF:6
BRH:3
end_of_record
TN:
SF:utils\validators\blogValidator.ts
FN:13,(anonymous_0)
FN:45,(anonymous_1)
FN:51,(anonymous_2)
FN:56,(anonymous_3)
FN:93,(anonymous_4)
FNF:5
FNH:2
FNDA:0,(anonymous_0)
FNDA:0,(anonymous_1)
FNDA:1,(anonymous_2)
FNDA:0,(anonymous_3)
FNDA:2,(anonymous_4)
DA:13,1
DA:14,0
DA:43,0
DA:44,0
DA:45,0
DA:47,0
DA:51,1
DA:52,1
DA:57,0
DA:58,0
DA:60,0
DA:91,1
DA:92,1
DA:93,2
DA:95,1
LF:15
LH:7
BRDA:44,0,0,0
BRDA:44,0,1,0
BRDA:57,1,0,0
BRDA:57,1,1,0
BRDA:92,2,0,1
BRDA:92,2,1,0
BRF:6
BRH:1
end_of_record
TN:
SF:utils\validators\messageValidator.ts
FN:39,(anonymous_0)
FNF:1
FNH:1
FNDA:4,(anonymous_0)
DA:5,1
DA:39,1
DA:40,4
DA:41,4
DA:42,1
DA:44,3
LF:6
LH:6
BRDA:41,0,0,1
BRDA:41,0,1,3
BRF:2
BRH:2
end_of_record
